[I 2026-07-02 13:45:30,431] Using an existing study with name 'fve_attention_study' instead of creating a new one.
[I 2026-07-02 14:00:13,135] Trial 7 finished with value: 41.99965931117578 and parameters: {'epochs': 23, 'learning_rate': 0.0003324666266281698, 'weight_decay': 0.00014561233278922395, 'past_hidden_size': 64, 'past_cnn_filters': 64, 'past_num_lstm': 2, 'past_dropout': 0.46719063134160776, 'past_num_cnn': 2, 'past_kernel_L0': 7, 'past_kernel_L1': 3, 'future_hidden_size': 16, 'future_cnn_filters': 16, 'future_num_lstm': 2, 'future_dropout': 0.08194521464316595, 'future_num_cnn': 3, 'future_kernel_L0': 5, 'future_kernel_L1': 5, 'future_kernel_L2': 5, 'attention_dim': 64, 'decoder_dropout': 0.003954324720446489, 'lookback': 24, 'horizon': 48}. Best is trial 2 with value: 40.39872710413446.
[I 2026-07-02 14:15:49,614] Trial 8 finished with value: 41.65416077862919 and parameters: {'epochs': 11, 'learning_rate': 0.0004857431180147054, 'weight_decay': 0.0012731283257612046, 'past_hidden_size': 64, 'past_cnn_filters': 128, 'past_num_lstm': 1, 'past_dropout': 0.3994685788519212, 'past_num_cnn': 2, 'past_kernel_L0': 3, 'past_kernel_L1': 3, 'future_hidden_size': 128, 'future_cnn_filters': 16, 'future_num_lstm': 3, 'future_dropout': 0.4667006578906087, 'future_num_cnn': 1, 'future_kernel_L0': 3, 'attention_dim': 64, 'decoder_dropout': 0.4951638557593917, 'lookback': 24, 'horizon': 48}. Best is trial 2 with value: 40.39872710413446.
[I 2026-07-02 14:26:48,993] Trial 10 finished with value: 44.04080427010415 and parameters: {'epochs': 28, 'learning_rate': 0.00044088586862725196, 'weight_decay': 0.0005792569275484506, 'past_hidden_size': 16, 'past_cnn_filters': 64, 'past_num_lstm': 3, 'past_dropout': 0.38631818959863296, 'past_num_cnn': 1, 'past_kernel_L0': 3, 'future_hidden_size': 128, 'future_cnn_filters': 128, 'future_num_lstm': 2, 'future_dropout': 0.42821323454613824, 'future_num_cnn': 2, 'future_kernel_L0': 5, 'future_kernel_L1': 3, 'attention_dim': 128, 'decoder_dropout': 0.04980847159771806, 'lookback': 72, 'horizon': 36}. Best is trial 2 with value: 40.39872710413446.
[I 2026-07-02 14:35:14,977] Trial 12 finished with value: 44.9395710363545 and parameters: {'epochs': 30, 'learning_rate': 0.00037600141947568844, 'weight_decay': 0.0005567443322840184, 'past_hidden_size': 128, 'past_cnn_filters': 16, 'past_num_lstm': 3, 'past_dropout': 0.14792050336260776, 'past_num_cnn': 2, 'past_kernel_L0': 5, 'past_kernel_L1': 3, 'future_hidden_size': 128, 'future_cnn_filters': 128, 'future_num_lstm': 3, 'future_dropout': 0.1638977255711217, 'future_num_cnn': 3, 'future_kernel_L0': 3, 'future_kernel_L1': 7, 'future_kernel_L2': 7, 'attention_dim': 32, 'decoder_dropout': 0.3275182843537697, 'lookback': 24, 'horizon': 36}. Best is trial 2 with value: 40.39872710413446.
[I 2026-07-02 14:52:28,506] Trial 14 finished with value: 41.81348051697636 and parameters: {'epochs': 14, 'learning_rate': 0.000972385786240187, 'weight_decay': 0.00013088136072913437, 'past_hidden_size': 16, 'past_cnn_filters': 128, 'past_num_lstm': 1, 'past_dropout': 0.38141107270012614, 'past_num_cnn': 3, 'past_kernel_L0': 7, 'past_kernel_L1': 7, 'past_kernel_L2': 7, 'future_hidden_size': 32, 'future_cnn_filters': 128, 'future_num_lstm': 2, 'future_dropout': 0.4161716455285086, 'future_num_cnn': 1, 'future_kernel_L0': 5, 'attention_dim': 32, 'decoder_dropout': 0.05498392025725124, 'lookback': 72, 'horizon': 48}. Best is trial 2 with value: 40.39872710413446.
[I 2026-07-02 15:09:53,655] Trial 16 finished with value: 41.60846123245516 and parameters: {'epochs': 23, 'learning_rate': 0.0009230233021165606, 'weight_decay': 0.09436314736511149, 'past_hidden_size': 32, 'past_cnn_filters': 16, 'past_num_lstm': 3, 'past_dropout': 0.006349640697005998, 'past_num_cnn': 1, 'past_kernel_L0': 5, 'future_hidden_size': 16, 'future_cnn_filters': 16, 'future_num_lstm': 3, 'future_dropout': 0.3063260791270968, 'future_num_cnn': 2, 'future_kernel_L0': 7, 'future_kernel_L1': 5, 'attention_dim': 128, 'decoder_dropout': 0.18730326711574657, 'lookback': 24, 'horizon': 24}. Best is trial 2 with value: 40.39872710413446.
[I 2026-07-02 15:31:32,391] Trial 18 finished with value: 40.71622559263631 and parameters: {'epochs': 16, 'learning_rate': 0.00023010570765034049, 'weight_decay': 0.098424126240521, 'past_hidden_size': 32, 'past_cnn_filters': 16, 'past_num_lstm': 2, 'past_dropout': 0.13573203353951058, 'past_num_cnn': 1, 'past_kernel_L0': 5, 'future_hidden_size': 64, 'future_cnn_filters': 16, 'future_num_lstm': 3, 'future_dropout': 0.0170521398466512, 'future_num_cnn': 2, 'future_kernel_L0': 5, 'future_kernel_L1': 5, 'attention_dim': 64, 'decoder_dropout': 0.32458140939676194, 'lookback': 24, 'horizon': 36}. Best is trial 2 with value: 40.39872710413446.
[I 2026-07-02 15:41:49,202] Trial 20 finished with value: 42.67707144238895 and parameters: {'epochs': 20, 'learning_rate': 0.000683058147119728, 'weight_decay': 0.018474627355954485, 'past_hidden_size': 64, 'past_cnn_filters': 16, 'past_num_lstm': 3, 'past_dropout': 0.11906220462292902, 'past_num_cnn': 2, 'past_kernel_L0': 7, 'past_kernel_L1': 5, 'future_hidden_size': 32, 'future_cnn_filters': 64, 'future_num_lstm': 3, 'future_dropout': 0.09939365691355312, 'future_num_cnn': 3, 'future_kernel_L0': 3, 'future_kernel_L1': 3, 'future_kernel_L2': 3, 'attention_dim': 64, 'decoder_dropout': 0.3290069230567129, 'lookback': 24, 'horizon': 48}. Best is trial 2 with value: 40.39872710413446.
[I 2026-07-02 16:00:37,054] Trial 22 finished with value: 42.51347211503083 and parameters: {'epochs': 13, 'learning_rate': 0.00017483618049199523, 'weight_decay': 0.03379943145805622, 'past_hidden_size': 64, 'past_cnn_filters': 16, 'past_num_lstm': 1, 'past_dropout': 0.28415551915959114, 'past_num_cnn': 3, 'past_kernel_L0': 3, 'past_kernel_L1': 7, 'past_kernel_L2': 3, 'future_hidden_size': 32, 'future_cnn_filters': 16, 'future_num_lstm': 2, 'future_dropout': 0.22215318569353049, 'future_num_cnn': 3, 'future_kernel_L0': 7, 'future_kernel_L1': 5, 'future_kernel_L2': 5, 'attention_dim': 32, 'decoder_dropout': 0.11445247209296172, 'lookback': 24, 'horizon': 48}. Best is trial 2 with value: 40.39872710413446.
[I 2026-07-02 16:18:06,324] Trial 24 finished with value: 41.57843642562223 and parameters: {'epochs': 25, 'learning_rate': 0.0005338524287382659, 'weight_decay': 0.005076583820439277, 'past_hidden_size': 32, 'past_cnn_filters': 32, 'past_num_lstm': 3, 'past_dropout': 0.06873080896317808, 'past_num_cnn': 1, 'past_kernel_L0': 5, 'future_hidden_size': 16, 'future_cnn_filters': 32, 'future_num_lstm': 1, 'future_dropout': 0.06647035890390122, 'future_num_cnn': 1, 'future_kernel_L0': 5, 'attention_dim': 128, 'decoder_dropout': 0.41398110642651975, 'lookback': 48, 'horizon': 36}. Best is trial 2 with value: 40.39872710413446.
[I 2026-07-02 16:41:00,221] Trial 26 finished with value: 40.10025309374898 and parameters: {'epochs': 17, 'learning_rate': 0.00025350579531937796, 'weight_decay': 0.04848365277828869, 'past_hidden_size': 32, 'past_cnn_filters': 16, 'past_num_lstm': 2, 'past_dropout': 0.09692177252148072, 'past_num_cnn': 1, 'past_kernel_L0': 5, 'future_hidden_size': 64, 'future_cnn_filters': 16, 'future_num_lstm': 3, 'future_dropout': 0.004582850391242711, 'future_num_cnn': 2, 'future_kernel_L0': 5, 'future_kernel_L1': 5, 'attention_dim': 64, 'decoder_dropout': 0.2796004187095165, 'lookback': 24, 'horizon': 36}. Best is trial 26 with value: 40.10025309374898.
[I 2026-07-02 16:58:36,820] Trial 28 finished with value: 39.91106298155222 and parameters: {'epochs': 22, 'learning_rate': 0.0003965450324362059, 'weight_decay': 0.04697574877289018, 'past_hidden_size': 32, 'past_cnn_filters': 16, 'past_num_lstm': 1, 'past_dropout': 0.1992434073130987, 'past_num_cnn': 1, 'past_kernel_L0': 5, 'future_hidden_size': 64, 'future_cnn_filters': 16, 'future_num_lstm': 3, 'future_dropout': 0.0011448206021333063, 'future_num_cnn': 2, 'future_kernel_L0': 5, 'future_kernel_L1': 5, 'attention_dim': 64, 'decoder_dropout': 0.27959378335635227, 'lookback': 24, 'horizon': 36}. Best is trial 28 with value: 39.91106298155222.
[I 2026-07-02 17:22:44,468] Trial 30 finished with value: 40.41876292281073 and parameters: {'epochs': 21, 'learning_rate': 0.0003800870818354242, 'weight_decay': 0.011338677868798767, 'past_hidden_size': 32, 'past_cnn_filters': 16, 'past_num_lstm': 2, 'past_dropout': 0.19863414056613082, 'past_num_cnn': 2, 'past_kernel_L0': 5, 'past_kernel_L1': 7, 'future_hidden_size': 64, 'future_cnn_filters': 16, 'future_num_lstm': 2, 'future_dropout': 0.003376138662629199, 'future_num_cnn': 2, 'future_kernel_L0': 5, 'future_kernel_L1': 5, 'attention_dim': 64, 'decoder_dropout': 0.3832761903251646, 'lookback': 24, 'horizon': 36}. Best is trial 28 with value: 39.91106298155222.
[I 2026-07-02 17:45:29,868] Trial 32 finished with value: 40.55362149115147 and parameters: {'epochs': 22, 'learning_rate': 0.00018496953525677935, 'weight_decay': 0.038902622456527654, 'past_hidden_size': 32, 'past_cnn_filters': 16, 'past_num_lstm': 1, 'past_dropout': 0.336297746335942, 'past_num_cnn': 1, 'past_kernel_L0': 5, 'future_hidden_size': 64, 'future_cnn_filters': 16, 'future_num_lstm': 3, 'future_dropout': 0.13046751441150717, 'future_num_cnn': 2, 'future_kernel_L0': 5, 'future_kernel_L1': 5, 'attention_dim': 64, 'decoder_dropout': 0.3496144061497024, 'lookback': 24, 'horizon': 36}. Best is trial 28 with value: 39.91106298155222.
[I 2026-07-02 17:58:59,306] Trial 34 finished with value: 42.236531451192995 and parameters: {'epochs': 18, 'learning_rate': 0.000207190731324712, 'weight_decay': 0.0024460742316312623, 'past_hidden_size': 32, 'past_cnn_filters': 128, 'past_num_lstm': 2, 'past_dropout': 0.10678578239967516, 'past_num_cnn': 1, 'past_kernel_L0': 5, 'future_hidden_size': 64, 'future_cnn_filters': 64, 'future_num_lstm': 3, 'future_dropout': 0.04046321756762646, 'future_num_cnn': 2, 'future_kernel_L0': 5, 'future_kernel_L1': 5, 'attention_dim': 64, 'decoder_dropout': 0.45989982088147885, 'lookback': 72, 'horizon': 36}. Best is trial 28 with value: 39.91106298155222.
[I 2026-07-02 18:24:31,308] Trial 36 finished with value: 40.78926666023115 and parameters: {'epochs': 19, 'learning_rate': 0.0001340181386942539, 'weight_decay': 0.05146875294038428, 'past_hidden_size': 16, 'past_cnn_filters': 16, 'past_num_lstm': 2, 'past_dropout': 0.19124632565466862, 'past_num_cnn': 1, 'past_kernel_L0': 5, 'future_hidden_size': 64, 'future_cnn_filters': 16, 'future_num_lstm': 3, 'future_dropout': 0.05007586059380899, 'future_num_cnn': 1, 'future_kernel_L0': 7, 'attention_dim': 64, 'decoder_dropout': 0.45425653689262596, 'lookback': 24, 'horizon': 36}. Best is trial 28 with value: 39.91106298155222.
[I 2026-07-02 18:44:41,060] Trial 38 finished with value: 41.770892186662365 and parameters: {'epochs': 16, 'learning_rate': 0.00012827733488306411, 'weight_decay': 0.024691590778783638, 'past_hidden_size': 128, 'past_cnn_filters': 16, 'past_num_lstm': 3, 'past_dropout': 0.09622179699049883, 'past_num_cnn': 2, 'past_kernel_L0': 5, 'past_kernel_L1': 7, 'future_hidden_size': 64, 'future_cnn_filters': 16, 'future_num_lstm': 3, 'future_dropout': 0.00044841646282729546, 'future_num_cnn': 2, 'future_kernel_L0': 5, 'future_kernel_L1': 7, 'attention_dim': 64, 'decoder_dropout': 0.2906168627912577, 'lookback': 24, 'horizon': 24}. Best is trial 28 with value: 39.91106298155222.
[I 2026-07-02 19:15:35,063] Trial 40 finished with value: 40.5588598039783 and parameters: {'epochs': 26, 'learning_rate': 0.0003312170881131124, 'weight_decay': 0.014921189386868011, 'past_hidden_size': 64, 'past_cnn_filters': 16, 'past_num_lstm': 1, 'past_dropout': 0.24202793025012226, 'past_num_cnn': 2, 'past_kernel_L0': 7, 'past_kernel_L1': 5, 'future_hidden_size': 32, 'future_cnn_filters': 16, 'future_num_lstm': 2, 'future_dropout': 0.11041548878466792, 'future_num_cnn': 2, 'future_kernel_L0': 3, 'future_kernel_L1': 3, 'attention_dim': 64, 'decoder_dropout': 0.19664852150088502, 'lookback': 24, 'horizon': 36}. Best is trial 28 with value: 39.91106298155222.
[I 2026-07-02 19:29:23,194] Trial 42 finished with value: 40.74646557862466 and parameters: {'epochs': 28, 'learning_rate': 0.0003844463858244367, 'weight_decay': 0.07017008667567734, 'past_hidden_size': 32, 'past_cnn_filters': 16, 'past_num_lstm': 1, 'past_dropout': 0.23985363348459288, 'past_num_cnn': 1, 'past_kernel_L0': 7, 'future_hidden_size': 64, 'future_cnn_filters': 32, 'future_num_lstm': 3, 'future_dropout': 0.03786196614367301, 'future_num_cnn': 2, 'future_kernel_L0': 5, 'future_kernel_L1': 7, 'attention_dim': 64, 'decoder_dropout': 0.23327180793280622, 'lookback': 24, 'horizon': 24}. Best is trial 41 with value: 39.733897640883065.
[I 2026-07-02 19:39:28,877] Trial 44 finished with value: 41.60415537733486 and parameters: {'epochs': 28, 'learning_rate': 0.0004316819879573709, 'weight_decay': 0.024586344589611068, 'past_hidden_size': 64, 'past_cnn_filters': 64, 'past_num_lstm': 1, 'past_dropout': 0.3098968840058226, 'past_num_cnn': 2, 'past_kernel_L0': 7, 'past_kernel_L1': 5, 'future_hidden_size': 128, 'future_cnn_filters': 128, 'future_num_lstm': 2, 'future_dropout': 0.1990601973812063, 'future_num_cnn': 2, 'future_kernel_L0': 5, 'future_kernel_L1': 7, 'attention_dim': 64, 'decoder_dropout': 0.16351939452609837, 'lookback': 24, 'horizon': 24}. Best is trial 41 with value: 39.733897640883065.
[I 2026-07-02 19:58:10,011] Trial 46 finished with value: 40.54677620735446 and parameters: {'epochs': 24, 'learning_rate': 0.00027725840489107564, 'weight_decay': 0.05311551698389938, 'past_hidden_size': 64, 'past_cnn_filters': 16, 'past_num_lstm': 1, 'past_dropout': 0.1702101591698149, 'past_num_cnn': 1, 'past_kernel_L0': 7, 'future_hidden_size': 64, 'future_cnn_filters': 16, 'future_num_lstm': 3, 'future_dropout': 0.07516880061614477, 'future_num_cnn': 2, 'future_kernel_L0': 5, 'future_kernel_L1': 7, 'attention_dim': 64, 'decoder_dropout': 0.25735118445078464, 'lookback': 24, 'horizon': 24}. Best is trial 41 with value: 39.733897640883065.
[I 2026-07-02 20:15:39,058] Trial 48 finished with value: 40.10260301134203 and parameters: {'epochs': 30, 'learning_rate': 0.0003368786176518566, 'weight_decay': 0.036691658261926274, 'past_hidden_size': 128, 'past_cnn_filters': 16, 'past_num_lstm': 1, 'past_dropout': 0.3185743997401805, 'past_num_cnn': 1, 'past_kernel_L0': 7, 'future_hidden_size': 64, 'future_cnn_filters': 16, 'future_num_lstm': 3, 'future_dropout': 0.030357474177750872, 'future_num_cnn': 2, 'future_kernel_L0': 5, 'future_kernel_L1': 7, 'attention_dim': 64, 'decoder_dropout': 0.19473906100345587, 'lookback': 24, 'horizon': 24}. Best is trial 41 with value: 39.733897640883065.
[I 2026-07-02 20:38:02,862] Trial 50 finished with value: 40.70216933932665 and parameters: {'epochs': 30, 'learning_rate': 0.00035609500262742563, 'weight_decay': 0.07661704859837795, 'past_hidden_size': 128, 'past_cnn_filters': 16, 'past_num_lstm': 1, 'past_dropout': 0.45168426366891046, 'past_num_cnn': 1, 'past_kernel_L0': 7, 'future_hidden_size': 64, 'future_cnn_filters': 16, 'future_num_lstm': 3, 'future_dropout': 0.03157217769077551, 'future_num_cnn': 2, 'future_kernel_L0': 5, 'future_kernel_L1': 7, 'attention_dim': 64, 'decoder_dropout': 0.24180664493852624, 'lookback': 24, 'horizon': 24}. Best is trial 49 with value: 39.17758576660842.
[I 2026-07-02 20:54:14,153] Trial 52 finished with value: 40.64871562683252 and parameters: {'epochs': 24, 'learning_rate': 0.00047508127303060466, 'weight_decay': 0.01856528722097226, 'past_hidden_size': 64, 'past_cnn_filters': 16, 'past_num_lstm': 1, 'past_dropout': 0.34833923348950835, 'past_num_cnn': 1, 'past_kernel_L0': 7, 'future_hidden_size': 64, 'future_cnn_filters': 16, 'future_num_lstm': 3, 'future_dropout': 0.11984237288627825, 'future_num_cnn': 2, 'future_kernel_L0': 3, 'future_kernel_L1': 7, 'attention_dim': 128, 'decoder_dropout': 0.27533698598616874, 'lookback': 72, 'horizon': 24}. Best is trial 49 with value: 39.17758576660842.
[I 2026-07-02 21:04:20,293] Trial 54 finished with value: 40.728034503540755 and parameters: {'epochs': 23, 'learning_rate': 0.0005383242832012363, 'weight_decay': 0.009227758360075437, 'past_hidden_size': 16, 'past_cnn_filters': 64, 'past_num_lstm': 1, 'past_dropout': 0.37345856982697073, 'past_num_cnn': 1, 'past_kernel_L0': 7, 'future_hidden_size': 128, 'future_cnn_filters': 16, 'future_num_lstm': 3, 'future_dropout': 0.05402730706961626, 'future_num_cnn': 3, 'future_kernel_L0': 5, 'future_kernel_L1': 7, 'future_kernel_L2': 7, 'attention_dim': 64, 'decoder_dropout': 0.30102103857258067, 'lookback': 48, 'horizon': 24}. Best is trial 49 with value: 39.17758576660842.
[I 2026-07-02 21:15:36,972] Trial 56 finished with value: 42.182213025995196 and parameters: {'epochs': 29, 'learning_rate': 0.00030685778915412487, 'weight_decay': 0.037332749191112694, 'past_hidden_size': 128, 'past_cnn_filters': 16, 'past_num_lstm': 1, 'past_dropout': 0.3153148650607096, 'past_num_cnn': 1, 'past_kernel_L0': 7, 'future_hidden_size': 64, 'future_cnn_filters': 16, 'future_num_lstm': 3, 'future_dropout': 0.02500102321470992, 'future_num_cnn': 2, 'future_kernel_L0': 5, 'future_kernel_L1': 7, 'attention_dim': 64, 'decoder_dropout': 0.19118395237492034, 'lookback': 24, 'horizon': 24}. Best is trial 49 with value: 39.17758576660842.
[I 2026-07-02 21:34:19,039] Trial 58 finished with value: 40.29997376211239 and parameters: {'epochs': 25, 'learning_rate': 0.0003497036260630293, 'weight_decay': 0.09933191917274392, 'past_hidden_size': 128, 'past_cnn_filters': 16, 'past_num_lstm': 1, 'past_dropout': 0.32445519033727094, 'past_num_cnn': 1, 'past_kernel_L0': 7, 'future_hidden_size': 64, 'future_cnn_filters': 16, 'future_num_lstm': 3, 'future_dropout': 0.026544264073184564, 'future_num_cnn': 2, 'future_kernel_L0': 5, 'future_kernel_L1': 7, 'attention_dim': 64, 'decoder_dropout': 0.25871658052630553, 'lookback': 24, 'horizon': 24}. Best is trial 49 with value: 39.17758576660842.
[I 2026-07-02 21:49:58,072] Trial 59 finished with value: 40.603146805776184 and parameters: {'epochs': 25, 'learning_rate': 0.00021991092209419893, 'weight_decay': 0.03145990839185199, 'past_hidden_size': 128, 'past_cnn_filters': 16, 'past_num_lstm': 1, 'past_dropout': 0.29683087413624537, 'past_num_cnn': 1, 'past_kernel_L0': 7, 'future_hidden_size': 64, 'future_cnn_filters': 16, 'future_num_lstm': 3, 'future_dropout': 0.08622874686684756, 'future_num_cnn': 2, 'future_kernel_L0': 5, 'future_kernel_L1': 7, 'attention_dim': 64, 'decoder_dropout': 0.20697844980687202, 'lookback': 24, 'horizon': 24}. Best is trial 49 with value: 39.17758576660842.
[I 2026-07-02 22:03:03,101] Trial 61 finished with value: 41.869183453822714 and parameters: {'epochs': 27, 'learning_rate': 0.00020743993395164821, 'weight_decay': 0.06889679280184478, 'past_hidden_size': 64, 'past_cnn_filters': 32, 'past_num_lstm': 1, 'past_dropout': 0.2761476035355248, 'past_num_cnn': 1, 'past_kernel_L0': 7, 'future_hidden_size': 64, 'future_cnn_filters': 64, 'future_num_lstm': 3, 'future_dropout': 0.047329801849333955, 'future_num_cnn': 2, 'future_kernel_L0': 5, 'future_kernel_L1': 3, 'attention_dim': 32, 'decoder_dropout': 0.11351828820461386, 'lookback': 24, 'horizon': 24}. Best is trial 49 with value: 39.17758576660842.
[I 2026-07-02 22:36:36,151] Trial 62 finished with value: 41.841127323762876 and parameters: {'epochs': 22, 'learning_rate': 0.00024150341693166143, 'weight_decay': 0.015259876245371428, 'past_hidden_size': 64, 'past_cnn_filters': 16, 'past_num_lstm': 1, 'past_dropout': 0.25621775773076116, 'past_num_cnn': 1, 'past_kernel_L0': 3, 'future_hidden_size': 64, 'future_cnn_filters': 16, 'future_num_lstm': 3, 'future_dropout': 0.09210440142202389, 'future_num_cnn': 2, 'future_kernel_L0': 5, 'future_kernel_L1': 7, 'attention_dim': 64, 'decoder_dropout': 0.17618793107820835, 'lookback': 24, 'horizon': 48}. Best is trial 49 with value: 39.17758576660842.
[I 2026-07-02 23:04:33,665] Trial 64 finished with value: 40.038495438224984 and parameters: {'epochs': 29, 'learning_rate': 0.00026135888665713183, 'weight_decay': 0.00010092407130646339, 'past_hidden_size': 64, 'past_cnn_filters': 16, 'past_num_lstm': 1, 'past_dropout': 0.1430578267087474, 'past_num_cnn': 1, 'past_kernel_L0': 7, 'future_hidden_size': 16, 'future_cnn_filters': 16, 'future_num_lstm': 2, 'future_dropout': 0.06365811033236005, 'future_num_cnn': 2, 'future_kernel_L0': 5, 'future_kernel_L1': 5, 'attention_dim': 64, 'decoder_dropout': 0.31296416622395473, 'lookback': 24, 'horizon': 24}. Best is trial 49 with value: 39.17758576660842.
[I 2026-07-02 23:32:32,260] Trial 66 finished with value: 39.99803342068018 and parameters: {'epochs': 29, 'learning_rate': 0.00022535499379025306, 'weight_decay': 0.00039339903567097405, 'past_hidden_size': 64, 'past_cnn_filters': 16, 'past_num_lstm': 1, 'past_dropout': 0.12643418937685366, 'past_num_cnn': 1, 'past_kernel_L0': 7, 'future_hidden_size': 16, 'future_cnn_filters': 16, 'future_num_lstm': 2, 'future_dropout': 0.022785620308403982, 'future_num_cnn': 2, 'future_kernel_L0': 5, 'future_kernel_L1': 5, 'attention_dim': 64, 'decoder_dropout': 0.2242594138086118, 'lookback': 24, 'horizon': 24}. Best is trial 49 with value: 39.17758576660842.
[I 2026-07-03 00:10:47,070] Trial 68 finished with value: 40.61738969522276 and parameters: {'epochs': 29, 'learning_rate': 0.0001642873278227644, 'weight_decay': 0.0006736195628143271, 'past_hidden_size': 64, 'past_cnn_filters': 16, 'past_num_lstm': 1, 'past_dropout': 0.38896808453175047, 'past_num_cnn': 1, 'past_kernel_L0': 7, 'future_hidden_size': 16, 'future_cnn_filters': 16, 'future_num_lstm': 1, 'future_dropout': 0.014198864337517325, 'future_num_cnn': 2, 'future_kernel_L0': 5, 'future_kernel_L1': 5, 'attention_dim': 128, 'decoder_dropout': 0.22927637035177253, 'lookback': 24, 'horizon': 24}. Best is trial 49 with value: 39.17758576660842.
