[I 2026-07-03 13:06:04,230] Trial 138 finished with value: 39.472219896835874 and parameters: {'epochs': 29, 'learning_rate': 0.0005396411280262537, 'weight_decay': 0.0008374558659854711, 'past_hidden_size': 16, 'past_cnn_filters': 16, 'past_num_lstm': 1, 'past_dropout': 0.35692637397939636, 'past_num_cnn': 1, 'past_kernel_L0': 3, 'future_hidden_size': 32, 'future_cnn_filters': 32, 'future_num_lstm': 1, 'future_dropout': 0.14035250498164858, 'future_num_cnn': 2, 'future_kernel_L0': 5, 'future_kernel_L1': 3, 'attention_dim': 128, 'decoder_dropout': 0.011847918657599701, 'lookback': 24, 'horizon': 24}. Best is trial 116 with value: 38.85568063805319.
[I 2026-07-03 13:27:16,015] Trial 140 finished with value: 39.90098077890481 and parameters: {'epochs': 28, 'learning_rate': 0.0007057091645682739, 'weight_decay': 0.0010799944699174543, 'past_hidden_size': 16, 'past_cnn_filters': 16, 'past_num_lstm': 1, 'past_dropout': 0.3572286643852812, 'past_num_cnn': 1, 'past_kernel_L0': 3, 'future_hidden_size': 32, 'future_cnn_filters': 32, 'future_num_lstm': 1, 'future_dropout': 0.10882189543488455, 'future_num_cnn': 2, 'future_kernel_L0': 5, 'future_kernel_L1': 3, 'attention_dim': 128, 'decoder_dropout': 0.031051331639189418, 'lookback': 24, 'horizon': 24}. Best is trial 139 with value: 38.6678883934889.
[I 2026-07-03 13:40:38,838] Trial 142 finished with value: 40.91946002240355 and parameters: {'epochs': 29, 'learning_rate': 0.0006564881572127713, 'weight_decay': 0.0008969552237092, 'past_hidden_size': 16, 'past_cnn_filters': 16, 'past_num_lstm': 3, 'past_dropout': 0.4434851464245919, 'past_num_cnn': 1, 'past_kernel_L0': 3, 'future_hidden_size': 32, 'future_cnn_filters': 32, 'future_num_lstm': 1, 'future_dropout': 0.15264760503459646, 'future_num_cnn': 2, 'future_kernel_L0': 5, 'future_kernel_L1': 3, 'attention_dim': 128, 'decoder_dropout': 0.016771512391927645, 'lookback': 24, 'horizon': 24}. Best is trial 139 with value: 38.6678883934889.
[I 2026-07-03 14:03:27,154] Trial 144 finished with value: 41.05040718717583 and parameters: {'epochs': 30, 'learning_rate': 0.0005927970024052478, 'weight_decay': 0.0015679229503678756, 'past_hidden_size': 16, 'past_cnn_filters': 16, 'past_num_lstm': 1, 'past_dropout': 0.4595888560358779, 'past_num_cnn': 1, 'past_kernel_L0': 3, 'future_hidden_size': 32, 'future_cnn_filters': 32, 'future_num_lstm': 1, 'future_dropout': 0.4588736958738344, 'future_num_cnn': 2, 'future_kernel_L0': 5, 'future_kernel_L1': 3, 'attention_dim': 128, 'decoder_dropout': 0.0019578866525542925, 'lookback': 72, 'horizon': 36}. Best is trial 139 with value: 38.6678883934889.
[I 2026-07-03 14:23:58,963] Trial 146 finished with value: 39.75829076722134 and parameters: {'epochs': 28, 'learning_rate': 0.0007539738502412149, 'weight_decay': 0.0007311924379438605, 'past_hidden_size': 16, 'past_cnn_filters': 16, 'past_num_lstm': 1, 'past_dropout': 0.32884203351098207, 'past_num_cnn': 1, 'past_kernel_L0': 3, 'future_hidden_size': 32, 'future_cnn_filters': 32, 'future_num_lstm': 1, 'future_dropout': 0.12985733795346976, 'future_num_cnn': 2, 'future_kernel_L0': 5, 'future_kernel_L1': 3, 'attention_dim': 128, 'decoder_dropout': 0.07499709061821626, 'lookback': 24, 'horizon': 24}. Best is trial 139 with value: 38.6678883934889.
[I 2026-07-03 14:40:28,431] Trial 149 finished with value: 39.24126347819062 and parameters: {'epochs': 28, 'learning_rate': 0.0006297361136153554, 'weight_decay': 0.0012553357983065066, 'past_hidden_size': 16, 'past_cnn_filters': 16, 'past_num_lstm': 1, 'past_dropout': 0.47781238019185895, 'past_num_cnn': 1, 'past_kernel_L0': 7, 'future_hidden_size': 32, 'future_cnn_filters': 32, 'future_num_lstm': 2, 'future_dropout': 0.17270539266505883, 'future_num_cnn': 2, 'future_kernel_L0': 5, 'future_kernel_L1': 3, 'attention_dim': 128, 'decoder_dropout': 0.27031512109413025, 'lookback': 24, 'horizon': 24}. Best is trial 139 with value: 38.6678883934889.
[I 2026-07-03 15:03:22,122] Trial 150 finished with value: 41.03688484537758 and parameters: {'epochs': 28, 'learning_rate': 0.000612447667947946, 'weight_decay': 0.0009370382202569813, 'past_hidden_size': 16, 'past_cnn_filters': 16, 'past_num_lstm': 1, 'past_dropout': 0.40827259743854016, 'past_num_cnn': 1, 'past_kernel_L0': 7, 'future_hidden_size': 32, 'future_cnn_filters': 32, 'future_num_lstm': 2, 'future_dropout': 0.17783912365821491, 'future_num_cnn': 2, 'future_kernel_L0': 5, 'future_kernel_L1': 3, 'attention_dim': 128, 'decoder_dropout': 0.2686125469485638, 'lookback': 24, 'horizon': 24}. Best is trial 139 with value: 38.6678883934889.
[I 2026-07-03 15:22:24,022] Trial 152 finished with value: 41.32107497904804 and parameters: {'epochs': 27, 'learning_rate': 0.0006281771963567569, 'weight_decay': 0.00017133587152153365, 'past_hidden_size': 16, 'past_cnn_filters': 16, 'past_num_lstm': 1, 'past_dropout': 0.49617870551528415, 'past_num_cnn': 1, 'past_kernel_L0': 7, 'future_hidden_size': 32, 'future_cnn_filters': 32, 'future_num_lstm': 2, 'future_dropout': 0.16466180384068885, 'future_num_cnn': 2, 'future_kernel_L0': 7, 'future_kernel_L1': 3, 'attention_dim': 128, 'decoder_dropout': 0.281326827677623, 'lookback': 24, 'horizon': 48}. Best is trial 139 with value: 38.6678883934889.
[I 2026-07-03 15:40:09,808] Trial 155 finished with value: 40.24958187429837 and parameters: {'epochs': 30, 'learning_rate': 0.0004976355516886214, 'weight_decay': 0.0016669851844529088, 'past_hidden_size': 16, 'past_cnn_filters': 16, 'past_num_lstm': 1, 'past_dropout': 0.4232831131779213, 'past_num_cnn': 1, 'past_kernel_L0': 5, 'future_hidden_size': 32, 'future_cnn_filters': 32, 'future_num_lstm': 2, 'future_dropout': 0.11031632315034666, 'future_num_cnn': 2, 'future_kernel_L0': 5, 'future_kernel_L1': 7, 'attention_dim': 128, 'decoder_dropout': 0.26194376630078164, 'lookback': 24, 'horizon': 24}. Best is trial 139 with value: 38.6678883934889.
[I 2026-07-03 15:55:21,353] Trial 157 finished with value: 39.41479968068989 and parameters: {'epochs': 28, 'learning_rate': 0.0005184637175960459, 'weight_decay': 0.001359460565807952, 'past_hidden_size': 16, 'past_cnn_filters': 16, 'past_num_lstm': 1, 'past_dropout': 0.36624034704681996, 'past_num_cnn': 1, 'past_kernel_L0': 7, 'future_hidden_size': 32, 'future_cnn_filters': 32, 'future_num_lstm': 1, 'future_dropout': 0.12178510749493542, 'future_num_cnn': 2, 'future_kernel_L0': 5, 'future_kernel_L1': 3, 'attention_dim': 128, 'decoder_dropout': 0.23592466423549238, 'lookback': 24, 'horizon': 24}. Best is trial 139 with value: 38.6678883934889.
[I 2026-07-03 16:10:33,582] Trial 158 finished with value: 39.69761670254131 and parameters: {'epochs': 28, 'learning_rate': 0.0006735599410040269, 'weight_decay': 0.0011810384655985637, 'past_hidden_size': 16, 'past_cnn_filters': 16, 'past_num_lstm': 1, 'past_dropout': 0.45784556149188377, 'past_num_cnn': 1, 'past_kernel_L0': 7, 'future_hidden_size': 32, 'future_cnn_filters': 32, 'future_num_lstm': 1, 'future_dropout': 0.12333158647835506, 'future_num_cnn': 2, 'future_kernel_L0': 5, 'future_kernel_L1': 3, 'attention_dim': 128, 'decoder_dropout': 0.23939046380465567, 'lookback': 24, 'horizon': 24}. Best is trial 139 with value: 38.6678883934889.
[I 2026-07-03 16:24:36,907] Trial 160 finished with value: 38.8833180681652 and parameters: {'epochs': 29, 'learning_rate': 0.0006990723286217148, 'weight_decay': 0.0014430170356912922, 'past_hidden_size': 16, 'past_cnn_filters': 16, 'past_num_lstm': 1, 'past_dropout': 0.4744491592251152, 'past_num_cnn': 1, 'past_kernel_L0': 7, 'future_hidden_size': 32, 'future_cnn_filters': 32, 'future_num_lstm': 1, 'future_dropout': 0.08532623476055907, 'future_num_cnn': 2, 'future_kernel_L0': 5, 'future_kernel_L1': 3, 'attention_dim': 128, 'decoder_dropout': 0.04804730841590185, 'lookback': 24, 'horizon': 24}. Best is trial 139 with value: 38.6678883934889.
[I 2026-07-03 16:42:18,920] Trial 162 finished with value: 41.60122140757024 and parameters: {'epochs': 29, 'learning_rate': 0.0007003065608113423, 'weight_decay': 0.0010192123088204278, 'past_hidden_size': 16, 'past_cnn_filters': 128, 'past_num_lstm': 1, 'past_dropout': 0.473916403999765, 'past_num_cnn': 1, 'past_kernel_L0': 7, 'future_hidden_size': 128, 'future_cnn_filters': 32, 'future_num_lstm': 1, 'future_dropout': 0.0905608039735582, 'future_num_cnn': 2, 'future_kernel_L0': 5, 'future_kernel_L1': 3, 'attention_dim': 128, 'decoder_dropout': 0.26000486355552727, 'lookback': 24, 'horizon': 24}. Best is trial 139 with value: 38.6678883934889.
[I 2026-07-03 17:04:57,991] Trial 165 finished with value: 39.23884089688629 and parameters: {'epochs': 28, 'learning_rate': 0.0007892803536736157, 'weight_decay': 0.002166319410411949, 'past_hidden_size': 16, 'past_cnn_filters': 16, 'past_num_lstm': 1, 'past_dropout': 0.38632569901914965, 'past_num_cnn': 1, 'past_kernel_L0': 7, 'future_hidden_size': 64, 'future_cnn_filters': 32, 'future_num_lstm': 1, 'future_dropout': 0.07040939224446252, 'future_num_cnn': 2, 'future_kernel_L0': 5, 'future_kernel_L1': 7, 'attention_dim': 128, 'decoder_dropout': 0.21638797284668657, 'lookback': 24, 'horizon': 24}. Best is trial 139 with value: 38.6678883934889.
[I 2026-07-03 17:18:54,058] Trial 167 finished with value: 39.685884886356654 and parameters: {'epochs': 28, 'learning_rate': 0.0008091909909932086, 'weight_decay': 0.0022702279204523754, 'past_hidden_size': 16, 'past_cnn_filters': 16, 'past_num_lstm': 1, 'past_dropout': 0.4059031979633908, 'past_num_cnn': 1, 'past_kernel_L0': 7, 'future_hidden_size': 64, 'future_cnn_filters': 32, 'future_num_lstm': 1, 'future_dropout': 0.0793760875176697, 'future_num_cnn': 2, 'future_kernel_L0': 5, 'future_kernel_L1': 7, 'attention_dim': 128, 'decoder_dropout': 0.2116266368832896, 'lookback': 24, 'horizon': 24}. Best is trial 139 with value: 38.6678883934889.
[I 2026-07-03 17:35:21,616] Trial 169 finished with value: 39.871543852095826 and parameters: {'epochs': 27, 'learning_rate': 0.0007553311036046924, 'weight_decay': 0.0013517573411716652, 'past_hidden_size': 16, 'past_cnn_filters': 16, 'past_num_lstm': 1, 'past_dropout': 0.38245691204730287, 'past_num_cnn': 1, 'past_kernel_L0': 7, 'future_hidden_size': 64, 'future_cnn_filters': 32, 'future_num_lstm': 1, 'future_dropout': 0.0502600823083107, 'future_num_cnn': 2, 'future_kernel_L0': 5, 'future_kernel_L1': 7, 'attention_dim': 128, 'decoder_dropout': 0.24597004489012605, 'lookback': 24, 'horizon': 24}. Best is trial 139 with value: 38.6678883934889.
[I 2026-07-03 17:52:22,345] Trial 171 finished with value: 41.02908189879841 and parameters: {'epochs': 27, 'learning_rate': 0.0003852121402695351, 'weight_decay': 0.0016144195736874341, 'past_hidden_size': 128, 'past_cnn_filters': 16, 'past_num_lstm': 1, 'past_dropout': 0.4219161234407945, 'past_num_cnn': 1, 'past_kernel_L0': 7, 'future_hidden_size': 64, 'future_cnn_filters': 32, 'future_num_lstm': 1, 'future_dropout': 0.10412792938241983, 'future_num_cnn': 2, 'future_kernel_L0': 5, 'future_kernel_L1': 7, 'attention_dim': 128, 'decoder_dropout': 0.04122023702719169, 'lookback': 24, 'horizon': 24}. Best is trial 139 with value: 38.6678883934889.
[I 2026-07-03 18:05:16,446] Trial 172 finished with value: 39.33997231951877 and parameters: {'epochs': 27, 'learning_rate': 0.0009141736923256812, 'weight_decay': 0.0011899978254948805, 'past_hidden_size': 32, 'past_cnn_filters': 16, 'past_num_lstm': 1, 'past_dropout': 0.453160172040316, 'past_num_cnn': 1, 'past_kernel_L0': 7, 'future_hidden_size': 64, 'future_cnn_filters': 32, 'future_num_lstm': 1, 'future_dropout': 0.06546192921912239, 'future_num_cnn': 2, 'future_kernel_L0': 5, 'future_kernel_L1': 7, 'attention_dim': 128, 'decoder_dropout': 0.23121459542810358, 'lookback': 24, 'horizon': 24}. Best is trial 139 with value: 38.6678883934889.
[I 2026-07-03 18:23:56,027] Trial 174 finished with value: 39.500886890104816 and parameters: {'epochs': 30, 'learning_rate': 0.0008776683242100335, 'weight_decay': 0.0011727142820182998, 'past_hidden_size': 32, 'past_cnn_filters': 32, 'past_num_lstm': 1, 'past_dropout': 0.48874050664044544, 'past_num_cnn': 2, 'past_kernel_L0': 7, 'past_kernel_L1': 3, 'future_hidden_size': 64, 'future_cnn_filters': 32, 'future_num_lstm': 1, 'future_dropout': 0.06682802940205208, 'future_num_cnn': 2, 'future_kernel_L0': 5, 'future_kernel_L1': 7, 'attention_dim': 128, 'decoder_dropout': 0.2746179794306881, 'lookback': 24, 'horizon': 24}. Best is trial 139 with value: 38.6678883934889.
[I 2026-07-03 18:43:54,083] Trial 176 finished with value: 40.6173142250388 and parameters: {'epochs': 28, 'learning_rate': 0.0009637536448436525, 'weight_decay': 0.08082812913569824, 'past_hidden_size': 32, 'past_cnn_filters': 32, 'past_num_lstm': 1, 'past_dropout': 0.4523042153700255, 'past_num_cnn': 1, 'past_kernel_L0': 7, 'future_hidden_size': 64, 'future_cnn_filters': 32, 'future_num_lstm': 1, 'future_dropout': 0.09067195408637832, 'future_num_cnn': 2, 'future_kernel_L0': 5, 'future_kernel_L1': 7, 'attention_dim': 128, 'decoder_dropout': 0.2190234965190941, 'lookback': 24, 'horizon': 24}. Best is trial 139 with value: 38.6678883934889.
[I 2026-07-03 19:05:17,442] Trial 178 finished with value: 39.34928439324539 and parameters: {'epochs': 29, 'learning_rate': 0.0009053318355120341, 'weight_decay': 0.04276289500609329, 'past_hidden_size': 32, 'past_cnn_filters': 32, 'past_num_lstm': 1, 'past_dropout': 0.4785785846530899, 'past_num_cnn': 1, 'past_kernel_L0': 7, 'future_hidden_size': 64, 'future_cnn_filters': 32, 'future_num_lstm': 1, 'future_dropout': 0.04730647721646511, 'future_num_cnn': 2, 'future_kernel_L0': 5, 'future_kernel_L1': 3, 'attention_dim': 128, 'decoder_dropout': 0.23608177400460734, 'lookback': 24, 'horizon': 24}. Best is trial 139 with value: 38.6678883934889.
[I 2026-07-03 19:21:03,313] Trial 181 finished with value: 39.40803495860042 and parameters: {'epochs': 19, 'learning_rate': 0.0009065814356989038, 'weight_decay': 0.04497089927045659, 'past_hidden_size': 32, 'past_cnn_filters': 32, 'past_num_lstm': 1, 'past_dropout': 0.4745619153498215, 'past_num_cnn': 1, 'past_kernel_L0': 7, 'future_hidden_size': 64, 'future_cnn_filters': 32, 'future_num_lstm': 1, 'future_dropout': 0.028785523704285162, 'future_num_cnn': 2, 'future_kernel_L0': 5, 'future_kernel_L1': 3, 'attention_dim': 128, 'decoder_dropout': 0.24984630206059907, 'lookback': 24, 'horizon': 24}. Best is trial 139 with value: 38.6678883934889.
[I 2026-07-03 19:32:29,145] Trial 182 finished with value: 40.14128898082214 and parameters: {'epochs': 20, 'learning_rate': 0.0008754297611359476, 'weight_decay': 0.0010065274665669005, 'past_hidden_size': 32, 'past_cnn_filters': 32, 'past_num_lstm': 1, 'past_dropout': 0.4788433536835603, 'past_num_cnn': 1, 'past_kernel_L0': 7, 'future_hidden_size': 64, 'future_cnn_filters': 32, 'future_num_lstm': 1, 'future_dropout': 0.03309921756085407, 'future_num_cnn': 2, 'future_kernel_L0': 5, 'future_kernel_L1': 3, 'attention_dim': 128, 'decoder_dropout': 0.25218176422113303, 'lookback': 24, 'horizon': 24}. Best is trial 139 with value: 38.6678883934889.
[I 2026-07-03 19:47:45,234] Trial 184 finished with value: 39.6980879407342 and parameters: {'epochs': 18, 'learning_rate': 0.0009190026952166548, 'weight_decay': 0.042722897190963824, 'past_hidden_size': 32, 'past_cnn_filters': 32, 'past_num_lstm': 1, 'past_dropout': 0.49283897958136963, 'past_num_cnn': 1, 'past_kernel_L0': 7, 'future_hidden_size': 64, 'future_cnn_filters': 32, 'future_num_lstm': 1, 'future_dropout': 0.016674108558049197, 'future_num_cnn': 2, 'future_kernel_L0': 3, 'future_kernel_L1': 3, 'attention_dim': 128, 'decoder_dropout': 0.24955914979880697, 'lookback': 24, 'horizon': 24}. Best is trial 139 with value: 38.6678883934889.
[I 2026-07-03 20:04:17,877] Trial 186 finished with value: 39.81522825323194 and parameters: {'epochs': 18, 'learning_rate': 0.0009322642138565336, 'weight_decay': 0.029537679812327248, 'past_hidden_size': 32, 'past_cnn_filters': 32, 'past_num_lstm': 1, 'past_dropout': 0.4632959058734713, 'past_num_cnn': 1, 'past_kernel_L0': 7, 'future_hidden_size': 64, 'future_cnn_filters': 32, 'future_num_lstm': 1, 'future_dropout': 0.023070807469549683, 'future_num_cnn': 2, 'future_kernel_L0': 5, 'future_kernel_L1': 3, 'attention_dim': 128, 'decoder_dropout': 0.26080645686082465, 'lookback': 24, 'horizon': 24}. Best is trial 139 with value: 38.6678883934889.
[I 2026-07-03 20:20:45,052] Trial 188 finished with value: 39.27016388098281 and parameters: {'epochs': 17, 'learning_rate': 0.0008920509906749456, 'weight_decay': 0.028699292854379093, 'past_hidden_size': 32, 'past_cnn_filters': 32, 'past_num_lstm': 1, 'past_dropout': 0.4710422346147144, 'past_num_cnn': 1, 'past_kernel_L0': 7, 'future_hidden_size': 64, 'future_cnn_filters': 32, 'future_num_lstm': 1, 'future_dropout': 0.03978757083188764, 'future_num_cnn': 2, 'future_kernel_L0': 5, 'future_kernel_L1': 3, 'attention_dim': 128, 'decoder_dropout': 0.2006325096865173, 'lookback': 24, 'horizon': 24}. Best is trial 139 with value: 38.6678883934889.
[I 2026-07-03 20:39:45,423] Trial 190 finished with value: 39.583484955528775 and parameters: {'epochs': 15, 'learning_rate': 0.0007805574861550477, 'weight_decay': 0.021703375626442686, 'past_hidden_size': 32, 'past_cnn_filters': 32, 'past_num_lstm': 1, 'past_dropout': 0.48578684248304144, 'past_num_cnn': 1, 'past_kernel_L0': 7, 'future_hidden_size': 64, 'future_cnn_filters': 32, 'future_num_lstm': 2, 'future_dropout': 0.041636253497408474, 'future_num_cnn': 2, 'future_kernel_L0': 5, 'future_kernel_L1': 3, 'attention_dim': 128, 'decoder_dropout': 0.1989658491403727, 'lookback': 24, 'horizon': 24}. Best is trial 139 with value: 38.6678883934889.
[I 2026-07-03 20:52:29,207] Trial 192 finished with value: 41.30549877877187 and parameters: {'epochs': 29, 'learning_rate': 0.0007326548360641965, 'weight_decay': 0.02698986659606202, 'past_hidden_size': 32, 'past_cnn_filters': 32, 'past_num_lstm': 1, 'past_dropout': 0.460195877456923, 'past_num_cnn': 1, 'past_kernel_L0': 7, 'future_hidden_size': 64, 'future_cnn_filters': 128, 'future_num_lstm': 1, 'future_dropout': 0.05258449820749364, 'future_num_cnn': 2, 'future_kernel_L0': 5, 'future_kernel_L1': 3, 'attention_dim': 128, 'decoder_dropout': 0.2194542818535418, 'lookback': 24, 'horizon': 24}. Best is trial 139 with value: 38.6678883934889.
[I 2026-07-03 21:08:57,913] Trial 194 finished with value: 39.30083198170893 and parameters: {'epochs': 16, 'learning_rate': 0.0008145288117290995, 'weight_decay': 0.014729453983499759, 'past_hidden_size': 32, 'past_cnn_filters': 32, 'past_num_lstm': 1, 'past_dropout': 0.4974213896917884, 'past_num_cnn': 1, 'past_kernel_L0': 5, 'future_hidden_size': 64, 'future_cnn_filters': 32, 'future_num_lstm': 1, 'future_dropout': 0.08375756774868705, 'future_num_cnn': 2, 'future_kernel_L0': 5, 'future_kernel_L1': 7, 'attention_dim': 128, 'decoder_dropout': 0.05158152774465603, 'lookback': 48, 'horizon': 24}. Best is trial 139 with value: 38.6678883934889.
[I 2026-07-03 21:24:09,809] Trial 196 finished with value: 39.0990339136242 and parameters: {'epochs': 15, 'learning_rate': 0.0008351450353133457, 'weight_decay': 0.022657202547427594, 'past_hidden_size': 32, 'past_cnn_filters': 32, 'past_num_lstm': 1, 'past_dropout': 0.49202112508018725, 'past_num_cnn': 1, 'past_kernel_L0': 5, 'future_hidden_size': 64, 'future_cnn_filters': 32, 'future_num_lstm': 1, 'future_dropout': 0.08277047644857419, 'future_num_cnn': 2, 'future_kernel_L0': 5, 'future_kernel_L1': 7, 'attention_dim': 128, 'decoder_dropout': 0.062482408024788494, 'lookback': 48, 'horizon': 24}. Best is trial 139 with value: 38.6678883934889.
[I 2026-07-03 21:44:36,733] Trial 197 finished with value: 40.844086996331015 and parameters: {'epochs': 16, 'learning_rate': 0.0008321128832304134, 'weight_decay': 0.02177620388131386, 'past_hidden_size': 32, 'past_cnn_filters': 32, 'past_num_lstm': 1, 'past_dropout': 0.48633068306526595, 'past_num_cnn': 1, 'past_kernel_L0': 5, 'future_hidden_size': 64, 'future_cnn_filters': 32, 'future_num_lstm': 1, 'future_dropout': 0.09835011263875823, 'future_num_cnn': 2, 'future_kernel_L0': 5, 'future_kernel_L1': 7, 'attention_dim': 128, 'decoder_dropout': 0.062210620612167276, 'lookback': 48, 'horizon': 24}. Best is trial 139 with value: 38.6678883934889.
[2026-07-03T21:54:35.189] error: *** JOB 100554 ON gpu-node1 CANCELLED AT 2026-07-03T21:54:35 DUE to SIGNAL Terminated ***
