[I 2026-07-03 13:18:27,972] Trial 139 finished with value: 38.6678883934889 and parameters: {'epochs': 28, 'learning_rate': 0.0006347523354663052, 'weight_decay': 0.0008413987058716558, 'past_hidden_size': 16, 'past_cnn_filters': 16, 'past_num_lstm': 1, 'past_dropout': 0.4402635671482907, 'past_num_cnn': 1, 'past_kernel_L0': 7, 'future_hidden_size': 32, 'future_cnn_filters': 32, 'future_num_lstm': 1, 'future_dropout': 0.08649601155033557, 'future_num_cnn': 2, 'future_kernel_L0': 5, 'future_kernel_L1': 3, 'attention_dim': 128, 'decoder_dropout': 0.07088107433700343, 'lookback': 24, 'horizon': 24}. Best is trial 139 with value: 38.6678883934889.
[I 2026-07-03 13:34:33,905] Trial 141 finished with value: 40.211565557252 and parameters: {'epochs': 29, 'learning_rate': 0.0007157024382466024, 'weight_decay': 0.0010670948370599886, 'past_hidden_size': 16, 'past_cnn_filters': 32, 'past_num_lstm': 1, 'past_dropout': 0.43521599880550155, 'past_num_cnn': 1, 'past_kernel_L0': 3, 'future_hidden_size': 32, 'future_cnn_filters': 32, 'future_num_lstm': 1, 'future_dropout': 0.14293527528441435, 'future_num_cnn': 2, 'future_kernel_L0': 5, 'future_kernel_L1': 3, 'attention_dim': 128, 'decoder_dropout': 0.03201124484664079, 'lookback': 24, 'horizon': 24}. Best is trial 139 with value: 38.6678883934889.
[I 2026-07-03 13:52:03,149] Trial 143 finished with value: 39.946437513801826 and parameters: {'epochs': 29, 'learning_rate': 0.0005302974020676302, 'weight_decay': 0.0008849002989186875, 'past_hidden_size': 16, 'past_cnn_filters': 16, 'past_num_lstm': 1, 'past_dropout': 0.4424429887209577, 'past_num_cnn': 1, 'past_kernel_L0': 3, 'future_hidden_size': 32, 'future_cnn_filters': 32, 'future_num_lstm': 1, 'future_dropout': 0.1558536460667644, 'future_num_cnn': 2, 'future_kernel_L0': 5, 'future_kernel_L1': 3, 'attention_dim': 128, 'decoder_dropout': 0.014259722481769509, 'lookback': 24, 'horizon': 24}. Best is trial 139 with value: 38.6678883934889.
[I 2026-07-03 14:05:02,649] Trial 145 finished with value: 40.6721161354369 and parameters: {'epochs': 30, 'learning_rate': 0.0005997384752327843, 'weight_decay': 0.001248268086317042, 'past_hidden_size': 16, 'past_cnn_filters': 16, 'past_num_lstm': 1, 'past_dropout': 0.46383548454589335, 'past_num_cnn': 1, 'past_kernel_L0': 3, 'future_hidden_size': 32, 'future_cnn_filters': 32, 'future_num_lstm': 1, 'future_dropout': 0.08734146154301736, 'future_num_cnn': 2, 'future_kernel_L0': 5, 'future_kernel_L1': 3, 'attention_dim': 128, 'decoder_dropout': 0.07141261630458422, 'lookback': 72, 'horizon': 36}. Best is trial 139 with value: 38.6678883934889.
[I 2026-07-03 14:21:56,578] Trial 147 finished with value: 39.140798301228536 and parameters: {'epochs': 28, 'learning_rate': 0.0006226784522323985, 'weight_decay': 0.0007305989266408774, 'past_hidden_size': 16, 'past_cnn_filters': 16, 'past_num_lstm': 1, 'past_dropout': 0.47706879666622903, 'past_num_cnn': 1, 'past_kernel_L0': 7, 'future_hidden_size': 32, 'future_cnn_filters': 32, 'future_num_lstm': 1, 'future_dropout': 0.12514623672980246, 'future_num_cnn': 2, 'future_kernel_L0': 5, 'future_kernel_L1': 3, 'attention_dim': 128, 'decoder_dropout': 0.26757528142851267, 'lookback': 24, 'horizon': 24}. Best is trial 139 with value: 38.6678883934889.
[I 2026-07-03 14:47:23,758] Trial 148 finished with value: 39.61987949348076 and parameters: {'epochs': 28, 'learning_rate': 0.0006154185599345552, 'weight_decay': 0.0007284357805821574, 'past_hidden_size': 16, 'past_cnn_filters': 16, 'past_num_lstm': 1, 'past_dropout': 0.48528811637268376, 'past_num_cnn': 1, 'past_kernel_L0': 3, 'future_hidden_size': 32, 'future_cnn_filters': 32, 'future_num_lstm': 1, 'future_dropout': 0.13114714119084583, 'future_num_cnn': 2, 'future_kernel_L0': 5, 'future_kernel_L1': 3, 'attention_dim': 128, 'decoder_dropout': 0.26998576638631516, 'lookback': 24, 'horizon': 24}. Best is trial 139 with value: 38.6678883934889.
[I 2026-07-03 15:03:53,566] Trial 151 finished with value: 40.196109925541485 and parameters: {'epochs': 27, 'learning_rate': 0.0006404068682404838, 'weight_decay': 0.0009214446580358398, 'past_hidden_size': 16, 'past_cnn_filters': 16, 'past_num_lstm': 1, 'past_dropout': 0.49775150746883196, 'past_num_cnn': 1, 'past_kernel_L0': 7, 'future_hidden_size': 32, 'future_cnn_filters': 32, 'future_num_lstm': 2, 'future_dropout': 0.1742308596030212, 'future_num_cnn': 2, 'future_kernel_L0': 5, 'future_kernel_L1': 3, 'attention_dim': 128, 'decoder_dropout': 0.28411560481415, 'lookback': 24, 'horizon': 48}. Best is trial 139 with value: 38.6678883934889.
[I 2026-07-03 15:17:59,554] Trial 153 finished with value: 40.332459702807064 and parameters: {'epochs': 29, 'learning_rate': 0.0005464047710732378, 'weight_decay': 0.0019664563621968737, 'past_hidden_size': 16, 'past_cnn_filters': 16, 'past_num_lstm': 1, 'past_dropout': 0.47264629021748045, 'past_num_cnn': 1, 'past_kernel_L0': 7, 'future_hidden_size': 32, 'future_cnn_filters': 32, 'future_num_lstm': 2, 'future_dropout': 0.13801566225986528, 'future_num_cnn': 2, 'future_kernel_L0': 7, 'future_kernel_L1': 3, 'attention_dim': 128, 'decoder_dropout': 0.29895006000518654, 'lookback': 24, 'horizon': 24}. Best is trial 139 with value: 38.6678883934889.
[I 2026-07-03 15:33:21,838] Trial 154 finished with value: 40.35418539753913 and parameters: {'epochs': 27, 'learning_rate': 0.000801814881046418, 'weight_decay': 0.020519029556858862, 'past_hidden_size': 16, 'past_cnn_filters': 16, 'past_num_lstm': 1, 'past_dropout': 0.48652225669159, 'past_num_cnn': 1, 'past_kernel_L0': 7, 'future_hidden_size': 32, 'future_cnn_filters': 32, 'future_num_lstm': 2, 'future_dropout': 0.19109732790764675, 'future_num_cnn': 2, 'future_kernel_L0': 5, 'future_kernel_L1': 3, 'attention_dim': 128, 'decoder_dropout': 0.24719292108694452, 'lookback': 24, 'horizon': 24}. Best is trial 139 with value: 38.6678883934889.
[I 2026-07-03 15:58:45,108] Trial 156 finished with value: 39.53994083640963 and parameters: {'epochs': 28, 'learning_rate': 0.0005130809151267722, 'weight_decay': 0.0012891246188605238, 'past_hidden_size': 16, 'past_cnn_filters': 16, 'past_num_lstm': 1, 'past_dropout': 0.36688554171116083, 'past_num_cnn': 1, 'past_kernel_L0': 7, 'future_hidden_size': 32, 'future_cnn_filters': 32, 'future_num_lstm': 1, 'future_dropout': 0.12218284981475142, 'future_num_cnn': 2, 'future_kernel_L0': 5, 'future_kernel_L1': 3, 'attention_dim': 128, 'decoder_dropout': 0.23945729062336066, 'lookback': 24, 'horizon': 24}. Best is trial 139 with value: 38.6678883934889.
[I 2026-07-03 16:11:32,952] Trial 159 finished with value: 40.198083760962405 and parameters: {'epochs': 28, 'learning_rate': 0.0005701711319423746, 'weight_decay': 0.0014431900385549013, 'past_hidden_size': 16, 'past_cnn_filters': 16, 'past_num_lstm': 1, 'past_dropout': 0.4780175938214005, 'past_num_cnn': 1, 'past_kernel_L0': 7, 'future_hidden_size': 32, 'future_cnn_filters': 32, 'future_num_lstm': 1, 'future_dropout': 0.13765762090759703, 'future_num_cnn': 2, 'future_kernel_L0': 5, 'future_kernel_L1': 3, 'attention_dim': 128, 'decoder_dropout': 0.05181284809678367, 'lookback': 24, 'horizon': 24}. Best is trial 139 with value: 38.6678883934889.
[I 2026-07-03 16:28:14,672] Trial 161 finished with value: 40.32862731515472 and parameters: {'epochs': 29, 'learning_rate': 0.0004642592833858525, 'weight_decay': 0.0009727779324238702, 'past_hidden_size': 16, 'past_cnn_filters': 128, 'past_num_lstm': 1, 'past_dropout': 0.34231000874355466, 'past_num_cnn': 1, 'past_kernel_L0': 7, 'future_hidden_size': 32, 'future_cnn_filters': 64, 'future_num_lstm': 1, 'future_dropout': 0.0946508681425203, 'future_num_cnn': 2, 'future_kernel_L0': 5, 'future_kernel_L1': 3, 'attention_dim': 128, 'decoder_dropout': 0.292877752675965, 'lookback': 24, 'horizon': 24}. Best is trial 139 with value: 38.6678883934889.
[I 2026-07-03 16:36:02,562] Trial 163 finished with value: 41.935544843572465 and parameters: {'epochs': 27, 'learning_rate': 0.0006418238378090699, 'weight_decay': 0.0027530733186623903, 'past_hidden_size': 16, 'past_cnn_filters': 64, 'past_num_lstm': 1, 'past_dropout': 0.4710673160680936, 'past_num_cnn': 1, 'past_kernel_L0': 7, 'future_hidden_size': 128, 'future_cnn_filters': 128, 'future_num_lstm': 1, 'future_dropout': 0.0843305693199497, 'future_num_cnn': 2, 'future_kernel_L0': 5, 'future_kernel_L1': 3, 'attention_dim': 128, 'decoder_dropout': 0.25710059622354625, 'lookback': 24, 'horizon': 24}. Best is trial 139 with value: 38.6678883934889.
[I 2026-07-03 16:53:57,261] Trial 164 finished with value: 39.89335878481645 and parameters: {'epochs': 28, 'learning_rate': 0.0006861874827761345, 'weight_decay': 0.0017385595645565898, 'past_hidden_size': 16, 'past_cnn_filters': 16, 'past_num_lstm': 1, 'past_dropout': 0.3893265546761168, 'past_num_cnn': 1, 'past_kernel_L0': 7, 'future_hidden_size': 32, 'future_cnn_filters': 32, 'future_num_lstm': 2, 'future_dropout': 0.06804320271549247, 'future_num_cnn': 2, 'future_kernel_L0': 5, 'future_kernel_L1': 3, 'attention_dim': 128, 'decoder_dropout': 0.49846927022762355, 'lookback': 24, 'horizon': 24}. Best is trial 139 with value: 38.6678883934889.
[I 2026-07-03 17:10:34,855] Trial 166 finished with value: 40.459430870995895 and parameters: {'epochs': 29, 'learning_rate': 0.0005491923928665077, 'weight_decay': 0.0021017280011219087, 'past_hidden_size': 16, 'past_cnn_filters': 16, 'past_num_lstm': 1, 'past_dropout': 0.3477532417415742, 'past_num_cnn': 1, 'past_kernel_L0': 7, 'future_hidden_size': 32, 'future_cnn_filters': 32, 'future_num_lstm': 1, 'future_dropout': 0.112655014568594, 'future_num_cnn': 2, 'future_kernel_L0': 5, 'future_kernel_L1': 3, 'attention_dim': 128, 'decoder_dropout': 0.011198370985706928, 'lookback': 24, 'horizon': 24}. Best is trial 139 with value: 38.6678883934889.
[I 2026-07-03 17:29:44,705] Trial 168 finished with value: 39.50695905326944 and parameters: {'epochs': 28, 'learning_rate': 0.0007908892738110569, 'weight_decay': 0.0023448263272537314, 'past_hidden_size': 16, 'past_cnn_filters': 16, 'past_num_lstm': 1, 'past_dropout': 0.40472696184645796, 'past_num_cnn': 1, 'past_kernel_L0': 7, 'future_hidden_size': 64, 'future_cnn_filters': 32, 'future_num_lstm': 1, 'future_dropout': 0.07616351250573786, 'future_num_cnn': 2, 'future_kernel_L0': 5, 'future_kernel_L1': 7, 'attention_dim': 128, 'decoder_dropout': 0.2144174203566453, 'lookback': 24, 'horizon': 24}. Best is trial 139 with value: 38.6678883934889.
[I 2026-07-03 17:52:47,717] Trial 170 finished with value: 39.6585465625611 and parameters: {'epochs': 27, 'learning_rate': 0.0008456263257511699, 'weight_decay': 0.0014921218399146657, 'past_hidden_size': 16, 'past_cnn_filters': 16, 'past_num_lstm': 1, 'past_dropout': 0.38253571325030544, 'past_num_cnn': 1, 'past_kernel_L0': 7, 'future_hidden_size': 64, 'future_cnn_filters': 32, 'future_num_lstm': 1, 'future_dropout': 0.06186633824292862, 'future_num_cnn': 2, 'future_kernel_L0': 5, 'future_kernel_L1': 7, 'attention_dim': 128, 'decoder_dropout': 0.03990588093158108, 'lookback': 24, 'horizon': 24}. Best is trial 139 with value: 38.6678883934889.
[I 2026-07-03 18:12:46,178] Trial 173 finished with value: 39.32288596402596 and parameters: {'epochs': 28, 'learning_rate': 0.0007247983558207724, 'weight_decay': 0.0853968661603149, 'past_hidden_size': 32, 'past_cnn_filters': 32, 'past_num_lstm': 1, 'past_dropout': 0.48960603011846304, 'past_num_cnn': 1, 'past_kernel_L0': 7, 'future_hidden_size': 64, 'future_cnn_filters': 32, 'future_num_lstm': 1, 'future_dropout': 0.0931682453942384, 'future_num_cnn': 2, 'future_kernel_L0': 5, 'future_kernel_L1': 3, 'attention_dim': 128, 'decoder_dropout': 0.2392948088616029, 'lookback': 24, 'horizon': 24}. Best is trial 139 with value: 38.6678883934889.
[I 2026-07-03 18:29:47,932] Trial 175 finished with value: 40.14805683056635 and parameters: {'epochs': 28, 'learning_rate': 0.000980531929569277, 'weight_decay': 0.0011827132248901442, 'past_hidden_size': 32, 'past_cnn_filters': 32, 'past_num_lstm': 1, 'past_dropout': 0.48495363269618164, 'past_num_cnn': 2, 'past_kernel_L0': 7, 'past_kernel_L1': 5, 'future_hidden_size': 64, 'future_cnn_filters': 32, 'future_num_lstm': 1, 'future_dropout': 0.09103443529591618, 'future_num_cnn': 2, 'future_kernel_L0': 5, 'future_kernel_L1': 7, 'attention_dim': 128, 'decoder_dropout': 0.2723156217247254, 'lookback': 24, 'horizon': 24}. Best is trial 139 with value: 38.6678883934889.
[I 2026-07-03 18:46:45,317] Trial 177 finished with value: 40.12399736807812 and parameters: {'epochs': 29, 'learning_rate': 0.0009287011020489837, 'weight_decay': 0.0014091629944830927, 'past_hidden_size': 32, 'past_cnn_filters': 32, 'past_num_lstm': 1, 'past_dropout': 0.4517057708019077, 'past_num_cnn': 1, 'past_kernel_L0': 7, 'future_hidden_size': 64, 'future_cnn_filters': 32, 'future_num_lstm': 1, 'future_dropout': 0.04734539961478388, 'future_num_cnn': 2, 'future_kernel_L0': 5, 'future_kernel_L1': 7, 'attention_dim': 128, 'decoder_dropout': 0.23061996695545922, 'lookback': 24, 'horizon': 24}. Best is trial 139 with value: 38.6678883934889.
[I 2026-07-03 19:05:16,104] Trial 179 finished with value: 39.73007123504011 and parameters: {'epochs': 28, 'learning_rate': 0.0007396641647851927, 'weight_decay': 0.044412269433401916, 'past_hidden_size': 32, 'past_cnn_filters': 32, 'past_num_lstm': 1, 'past_dropout': 0.4673565127510766, 'past_num_cnn': 1, 'past_kernel_L0': 7, 'future_hidden_size': 64, 'future_cnn_filters': 32, 'future_num_lstm': 1, 'future_dropout': 0.07375703283474118, 'future_num_cnn': 2, 'future_kernel_L0': 5, 'future_kernel_L1': 3, 'attention_dim': 128, 'decoder_dropout': 0.23887642947968468, 'lookback': 24, 'horizon': 24}. Best is trial 139 with value: 38.6678883934889.
[I 2026-07-03 19:26:47,769] Trial 180 finished with value: 39.965657585812586 and parameters: {'epochs': 19, 'learning_rate': 0.0006645297846668152, 'weight_decay': 0.06183059322019215, 'past_hidden_size': 32, 'past_cnn_filters': 16, 'past_num_lstm': 1, 'past_dropout': 0.48182835716803657, 'past_num_cnn': 1, 'past_kernel_L0': 7, 'future_hidden_size': 64, 'future_cnn_filters': 32, 'future_num_lstm': 1, 'future_dropout': 0.059828243867802236, 'future_num_cnn': 2, 'future_kernel_L0': 5, 'future_kernel_L1': 3, 'attention_dim': 128, 'decoder_dropout': 0.31227361085703853, 'lookback': 24, 'horizon': 24}. Best is trial 139 with value: 38.6678883934889.
[I 2026-07-03 19:41:48,126] Trial 183 finished with value: 39.278482667233014 and parameters: {'epochs': 18, 'learning_rate': 0.0008966729188242082, 'weight_decay': 0.03310012166764126, 'past_hidden_size': 32, 'past_cnn_filters': 32, 'past_num_lstm': 1, 'past_dropout': 0.4993865432540101, 'past_num_cnn': 1, 'past_kernel_L0': 7, 'future_hidden_size': 64, 'future_cnn_filters': 32, 'future_num_lstm': 1, 'future_dropout': 0.026346498861276775, 'future_num_cnn': 2, 'future_kernel_L0': 5, 'future_kernel_L1': 3, 'attention_dim': 128, 'decoder_dropout': 0.25076911035034183, 'lookback': 24, 'horizon': 24}. Best is trial 139 with value: 38.6678883934889.
[I 2026-07-03 19:53:25,379] Trial 185 finished with value: 41.021620230372214 and parameters: {'epochs': 17, 'learning_rate': 0.0008310831074913352, 'weight_decay': 0.057282405266808556, 'past_hidden_size': 32, 'past_cnn_filters': 32, 'past_num_lstm': 1, 'past_dropout': 0.4972655519068765, 'past_num_cnn': 1, 'past_kernel_L0': 7, 'future_hidden_size': 64, 'future_cnn_filters': 64, 'future_num_lstm': 1, 'future_dropout': 0.02201271584378369, 'future_num_cnn': 2, 'future_kernel_L0': 3, 'future_kernel_L1': 3, 'attention_dim': 128, 'decoder_dropout': 0.08879677843708414, 'lookback': 24, 'horizon': 24}. Best is trial 139 with value: 38.6678883934889.
[I 2026-07-03 20:10:07,547] Trial 187 finished with value: 40.035544233208945 and parameters: {'epochs': 18, 'learning_rate': 0.0008902839654051962, 'weight_decay': 0.03675712397285024, 'past_hidden_size': 32, 'past_cnn_filters': 32, 'past_num_lstm': 1, 'past_dropout': 0.46712341676924696, 'past_num_cnn': 1, 'past_kernel_L0': 7, 'future_hidden_size': 64, 'future_cnn_filters': 32, 'future_num_lstm': 1, 'future_dropout': 0.028976237300435696, 'future_num_cnn': 2, 'future_kernel_L0': 5, 'future_kernel_L1': 3, 'attention_dim': 128, 'decoder_dropout': 0.25765490691461396, 'lookback': 24, 'horizon': 24}. Best is trial 139 with value: 38.6678883934889.
[I 2026-07-03 20:24:16,787] Trial 189 finished with value: 40.234581225565535 and parameters: {'epochs': 19, 'learning_rate': 0.0009993676291566635, 'weight_decay': 0.029651061568152125, 'past_hidden_size': 32, 'past_cnn_filters': 32, 'past_num_lstm': 2, 'past_dropout': 0.47156907466031667, 'past_num_cnn': 1, 'past_kernel_L0': 7, 'future_hidden_size': 64, 'future_cnn_filters': 32, 'future_num_lstm': 2, 'future_dropout': 0.04329256834645685, 'future_num_cnn': 2, 'future_kernel_L0': 5, 'future_kernel_L1': 3, 'attention_dim': 128, 'decoder_dropout': 0.24601889745865815, 'lookback': 24, 'horizon': 24}. Best is trial 139 with value: 38.6678883934889.
[I 2026-07-03 20:45:57,647] Trial 191 finished with value: 39.89458421297338 and parameters: {'epochs': 17, 'learning_rate': 0.0007716994575612026, 'weight_decay': 0.08665113571333911, 'past_hidden_size': 32, 'past_cnn_filters': 32, 'past_num_lstm': 1, 'past_dropout': 0.4414756807344329, 'past_num_cnn': 1, 'past_kernel_L0': 7, 'future_hidden_size': 64, 'future_cnn_filters': 32, 'future_num_lstm': 1, 'future_dropout': 0.05311688318909985, 'future_num_cnn': 2, 'future_kernel_L0': 5, 'future_kernel_L1': 3, 'attention_dim': 128, 'decoder_dropout': 0.20290713918337164, 'lookback': 24, 'horizon': 24}. Best is trial 139 with value: 38.6678883934889.
[I 2026-07-03 21:05:08,390] Trial 193 finished with value: 39.87490726301584 and parameters: {'epochs': 16, 'learning_rate': 0.0007238331136821812, 'weight_decay': 0.03277027823078429, 'past_hidden_size': 32, 'past_cnn_filters': 32, 'past_num_lstm': 1, 'past_dropout': 0.45570474342256834, 'past_num_cnn': 1, 'past_kernel_L0': 5, 'future_hidden_size': 64, 'future_cnn_filters': 32, 'future_num_lstm': 1, 'future_dropout': 0.07414600998443471, 'future_num_cnn': 2, 'future_kernel_L0': 5, 'future_kernel_L1': 7, 'attention_dim': 128, 'decoder_dropout': 0.22051393367440145, 'lookback': 48, 'horizon': 24}. Best is trial 139 with value: 38.6678883934889.
[I 2026-07-03 21:24:15,375] Trial 195 finished with value: 39.65612633973283 and parameters: {'epochs': 15, 'learning_rate': 0.0003546224569596504, 'weight_decay': 0.05368686397035792, 'past_hidden_size': 32, 'past_cnn_filters': 32, 'past_num_lstm': 1, 'past_dropout': 0.49235393258790405, 'past_num_cnn': 1, 'past_kernel_L0': 7, 'future_hidden_size': 64, 'future_cnn_filters': 32, 'future_num_lstm': 1, 'future_dropout': 0.07992340755563647, 'future_num_cnn': 2, 'future_kernel_L0': 5, 'future_kernel_L1': 3, 'attention_dim': 128, 'decoder_dropout': 0.23056894951372603, 'lookback': 24, 'horizon': 24}. Best is trial 139 with value: 38.6678883934889.
[I 2026-07-03 21:34:38,407] Trial 198 finished with value: 40.414939554919336 and parameters: {'epochs': 14, 'learning_rate': 0.0008147582896307305, 'weight_decay': 0.022267765058825398, 'past_hidden_size': 32, 'past_cnn_filters': 32, 'past_num_lstm': 1, 'past_dropout': 0.49990128437753034, 'past_num_cnn': 1, 'past_kernel_L0': 5, 'future_hidden_size': 64, 'future_cnn_filters': 32, 'future_num_lstm': 1, 'future_dropout': 0.09803104717593673, 'future_num_cnn': 2, 'future_kernel_L0': 5, 'future_kernel_L1': 7, 'attention_dim': 128, 'decoder_dropout': 0.047327987254696814, 'lookback': 48, 'horizon': 24}. Best is trial 139 with value: 38.6678883934889.
[I 2026-07-03 21:47:40,935] Trial 199 finished with value: 39.37180485684841 and parameters: {'epochs': 16, 'learning_rate': 0.0008362008890585128, 'weight_decay': 0.015153709174268072, 'past_hidden_size': 32, 'past_cnn_filters': 32, 'past_num_lstm': 1, 'past_dropout': 0.4797636141130756, 'past_num_cnn': 1, 'past_kernel_L0': 5, 'future_hidden_size': 64, 'future_cnn_filters': 32, 'future_num_lstm': 1, 'future_dropout': 0.0836789078171577, 'future_num_cnn': 2, 'future_kernel_L0': 5, 'future_kernel_L1': 7, 'attention_dim': 128, 'decoder_dropout': 0.06047170479828701, 'lookback': 48, 'horizon': 24}. Best is trial 139 with value: 38.6678883934889.
[2026-07-03T21:54:28.474] error: *** JOB 100555 ON gpu-node1 CANCELLED AT 2026-07-03T21:54:28 DUE to SIGNAL Terminated ***
