[I 2026-07-02 13:45:23,210] Using an existing study with name 'fve_attention_study' instead of creating a new one.
[I 2026-07-02 14:01:29,785] Trial 6 finished with value: 40.704136622766526 and parameters: {'epochs': 10, 'learning_rate': 0.0004797440145723273, 'weight_decay': 0.06459454435858783, 'past_hidden_size': 32, 'past_cnn_filters': 16, 'past_num_lstm': 1, 'past_dropout': 0.0664325253936261, 'past_num_cnn': 1, 'past_kernel_L0': 3, 'future_hidden_size': 16, 'future_cnn_filters': 16, 'future_num_lstm': 3, 'future_dropout': 0.0349105640872196, 'future_num_cnn': 2, 'future_kernel_L0': 5, 'future_kernel_L1': 5, 'attention_dim': 32, 'decoder_dropout': 0.2203683518173336, 'lookback': 24, 'horizon': 48}. Best is trial 2 with value: 40.39872710413446.
[I 2026-07-02 14:17:10,002] Trial 9 finished with value: 41.52741524997307 and parameters: {'epochs': 13, 'learning_rate': 0.0005142609686146402, 'weight_decay': 0.022233530481849877, 'past_hidden_size': 32, 'past_cnn_filters': 32, 'past_num_lstm': 2, 'past_dropout': 0.41639458372727217, 'past_num_cnn': 1, 'past_kernel_L0': 3, 'future_hidden_size': 128, 'future_cnn_filters': 64, 'future_num_lstm': 1, 'future_dropout': 0.13845884899737182, 'future_num_cnn': 1, 'future_kernel_L0': 7, 'attention_dim': 32, 'decoder_dropout': 0.25227709740784354, 'lookback': 48, 'horizon': 36}. Best is trial 2 with value: 40.39872710413446.
[I 2026-07-02 14:29:28,910] Trial 11 finished with value: 42.43493780041167 and parameters: {'epochs': 17, 'learning_rate': 0.000294971218946811, 'weight_decay': 0.001105042500631285, 'past_hidden_size': 128, 'past_cnn_filters': 64, 'past_num_lstm': 2, 'past_dropout': 0.21693747751452286, 'past_num_cnn': 3, 'past_kernel_L0': 5, 'past_kernel_L1': 7, 'past_kernel_L2': 5, 'future_hidden_size': 64, 'future_cnn_filters': 128, 'future_num_lstm': 3, 'future_dropout': 0.032471234474629296, 'future_num_cnn': 1, 'future_kernel_L0': 5, 'attention_dim': 32, 'decoder_dropout': 0.41811020195621934, 'lookback': 48, 'horizon': 36}. Best is trial 2 with value: 40.39872710413446.
[I 2026-07-02 14:41:07,322] Trial 13 finished with value: 43.148725982341524 and parameters: {'epochs': 19, 'learning_rate': 0.0006546799629274127, 'weight_decay': 0.000388973582894639, 'past_hidden_size': 128, 'past_cnn_filters': 64, 'past_num_lstm': 1, 'past_dropout': 0.3530980138217323, 'past_num_cnn': 2, 'past_kernel_L0': 3, 'past_kernel_L1': 3, 'future_hidden_size': 32, 'future_cnn_filters': 16, 'future_num_lstm': 1, 'future_dropout': 0.17497388045808687, 'future_num_cnn': 1, 'future_kernel_L0': 7, 'attention_dim': 64, 'decoder_dropout': 0.013657229730798581, 'lookback': 48, 'horizon': 48}. Best is trial 2 with value: 40.39872710413446.
[I 2026-07-02 14:54:51,321] Trial 15 finished with value: 41.54522860554819 and parameters: {'epochs': 24, 'learning_rate': 0.0009962586189346857, 'weight_decay': 0.007069567989354607, 'past_hidden_size': 64, 'past_cnn_filters': 32, 'past_num_lstm': 3, 'past_dropout': 0.2611829773873446, 'past_num_cnn': 3, 'past_kernel_L0': 5, 'past_kernel_L1': 7, 'past_kernel_L2': 3, 'future_hidden_size': 32, 'future_cnn_filters': 32, 'future_num_lstm': 2, 'future_dropout': 0.3119128087782858, 'future_num_cnn': 2, 'future_kernel_L0': 7, 'future_kernel_L1': 7, 'attention_dim': 128, 'decoder_dropout': 0.14623379352628504, 'lookback': 24, 'horizon': 24}. Best is trial 2 with value: 40.39872710413446.
[I 2026-07-02 15:17:47,217] Trial 17 finished with value: 41.41233953269256 and parameters: {'epochs': 16, 'learning_rate': 0.00024828861050288825, 'weight_decay': 0.07317061703924725, 'past_hidden_size': 32, 'past_cnn_filters': 16, 'past_num_lstm': 2, 'past_dropout': 0.01140335398537523, 'past_num_cnn': 1, 'past_kernel_L0': 5, 'future_hidden_size': 16, 'future_cnn_filters': 16, 'future_num_lstm': 3, 'future_dropout': 0.022371694547193836, 'future_num_cnn': 2, 'future_kernel_L0': 5, 'future_kernel_L1': 5, 'attention_dim': 32, 'decoder_dropout': 0.21866895704049194, 'lookback': 24, 'horizon': 48}. Best is trial 2 with value: 40.39872710413446.
[I 2026-07-02 15:33:52,562] Trial 19 finished with value: 42.75236449380459 and parameters: {'epochs': 20, 'learning_rate': 0.0006682243093211399, 'weight_decay': 0.017124877891881427, 'past_hidden_size': 32, 'past_cnn_filters': 16, 'past_num_lstm': 2, 'past_dropout': 0.15344017561256207, 'past_num_cnn': 2, 'past_kernel_L0': 7, 'past_kernel_L1': 5, 'future_hidden_size': 64, 'future_cnn_filters': 64, 'future_num_lstm': 3, 'future_dropout': 0.10312352853103156, 'future_num_cnn': 2, 'future_kernel_L0': 3, 'future_kernel_L1': 3, 'attention_dim': 64, 'decoder_dropout': 0.3234257309642211, 'lookback': 24, 'horizon': 36}. Best is trial 2 with value: 40.39872710413446.
[I 2026-07-02 15:48:18,595] Trial 21 finished with value: 41.17304157271196 and parameters: {'epochs': 10, 'learning_rate': 0.0006425881709636336, 'weight_decay': 0.03065888667035144, 'past_hidden_size': 64, 'past_cnn_filters': 16, 'past_num_lstm': 1, 'past_dropout': 0.26952752147248027, 'past_num_cnn': 2, 'past_kernel_L0': 3, 'past_kernel_L1': 5, 'future_hidden_size': 32, 'future_cnn_filters': 16, 'future_num_lstm': 3, 'future_dropout': 0.23954212483802953, 'future_num_cnn': 3, 'future_kernel_L0': 7, 'future_kernel_L1': 5, 'future_kernel_L2': 3, 'attention_dim': 32, 'decoder_dropout': 0.11861073298007961, 'lookback': 24, 'horizon': 48}. Best is trial 2 with value: 40.39872710413446.
[I 2026-07-02 16:10:54,236] Trial 23 finished with value: 47.205863960255726 and parameters: {'epochs': 26, 'learning_rate': 0.00017302729428349655, 'weight_decay': 0.005573962916784628, 'past_hidden_size': 64, 'past_cnn_filters': 128, 'past_num_lstm': 3, 'past_dropout': 0.2122298119518746, 'past_num_cnn': 3, 'past_kernel_L0': 5, 'past_kernel_L1': 7, 'past_kernel_L2': 5, 'future_hidden_size': 16, 'future_cnn_filters': 16, 'future_num_lstm': 1, 'future_dropout': 0.23201445517702712, 'future_num_cnn': 1, 'future_kernel_L0': 5, 'attention_dim': 32, 'decoder_dropout': 0.4036764140640573, 'lookback': 72, 'horizon': 36}. Best is trial 2 with value: 40.39872710413446.
[I 2026-07-02 16:25:46,825] Trial 25 finished with value: 41.15237304876584 and parameters: {'epochs': 18, 'learning_rate': 0.0007700041238761224, 'weight_decay': 0.008455602283474932, 'past_hidden_size': 32, 'past_cnn_filters': 32, 'past_num_lstm': 2, 'past_dropout': 0.06791280582632646, 'past_num_cnn': 1, 'past_kernel_L0': 5, 'future_hidden_size': 16, 'future_cnn_filters': 32, 'future_num_lstm': 3, 'future_dropout': 0.06558444377548318, 'future_num_cnn': 2, 'future_kernel_L0': 7, 'future_kernel_L1': 7, 'attention_dim': 128, 'decoder_dropout': 0.26791051162811136, 'lookback': 48, 'horizon': 24}. Best is trial 2 with value: 40.39872710413446.
[I 2026-07-02 16:44:29,422] Trial 27 finished with value: 40.41160492977412 and parameters: {'epochs': 15, 'learning_rate': 0.00024040948020144935, 'weight_decay': 0.05699276376951586, 'past_hidden_size': 32, 'past_cnn_filters': 16, 'past_num_lstm': 2, 'past_dropout': 0.1695570589547413, 'past_num_cnn': 1, 'past_kernel_L0': 5, 'future_hidden_size': 64, 'future_cnn_filters': 16, 'future_num_lstm': 3, 'future_dropout': 0.003026139584511728, 'future_num_cnn': 2, 'future_kernel_L0': 5, 'future_kernel_L1': 5, 'attention_dim': 64, 'decoder_dropout': 0.2854393939639123, 'lookback': 24, 'horizon': 36}. Best is trial 26 with value: 40.10025309374898.
[I 2026-07-02 17:12:26,609] Trial 29 finished with value: 40.3469529806409 and parameters: {'epochs': 21, 'learning_rate': 0.00019010590322082543, 'weight_decay': 0.0476731928537016, 'past_hidden_size': 32, 'past_cnn_filters': 16, 'past_num_lstm': 2, 'past_dropout': 0.20062448731959803, 'past_num_cnn': 1, 'past_kernel_L0': 5, 'future_hidden_size': 64, 'future_cnn_filters': 16, 'future_num_lstm': 3, 'future_dropout': 0.0012753185503067495, 'future_num_cnn': 2, 'future_kernel_L0': 5, 'future_kernel_L1': 5, 'attention_dim': 64, 'decoder_dropout': 0.3745092767162866, 'lookback': 24, 'horizon': 36}. Best is trial 28 with value: 39.91106298155222.
[I 2026-07-02 17:34:54,787] Trial 31 finished with value: 42.101175042985396 and parameters: {'epochs': 21, 'learning_rate': 0.0001057600305687433, 'weight_decay': 0.011341726446173045, 'past_hidden_size': 32, 'past_cnn_filters': 16, 'past_num_lstm': 2, 'past_dropout': 0.21421990602961752, 'past_num_cnn': 1, 'past_kernel_L0': 5, 'future_hidden_size': 64, 'future_cnn_filters': 16, 'future_num_lstm': 2, 'future_dropout': 0.13640421560405241, 'future_num_cnn': 2, 'future_kernel_L0': 5, 'future_kernel_L1': 5, 'attention_dim': 64, 'decoder_dropout': 0.3909707995574384, 'lookback': 24, 'horizon': 36}. Best is trial 28 with value: 39.91106298155222.
[I 2026-07-02 17:53:28,919] Trial 33 finished with value: 43.184747040944885 and parameters: {'epochs': 22, 'learning_rate': 0.0001811809801067096, 'weight_decay': 0.03802911998318725, 'past_hidden_size': 32, 'past_cnn_filters': 128, 'past_num_lstm': 1, 'past_dropout': 0.2959749982559426, 'past_num_cnn': 1, 'past_kernel_L0': 5, 'future_hidden_size': 64, 'future_cnn_filters': 64, 'future_num_lstm': 3, 'future_dropout': 0.2982496135763233, 'future_num_cnn': 2, 'future_kernel_L0': 5, 'future_kernel_L1': 5, 'attention_dim': 64, 'decoder_dropout': 0.36683727704625774, 'lookback': 72, 'horizon': 36}. Best is trial 28 with value: 39.91106298155222.
[I 2026-07-02 18:09:35,714] Trial 35 finished with value: 41.21269581144158 and parameters: {'epochs': 18, 'learning_rate': 0.000283444063963787, 'weight_decay': 0.003205004066219199, 'past_hidden_size': 32, 'past_cnn_filters': 16, 'past_num_lstm': 2, 'past_dropout': 0.11122054222291398, 'past_num_cnn': 1, 'past_kernel_L0': 5, 'future_hidden_size': 64, 'future_cnn_filters': 16, 'future_num_lstm': 3, 'future_dropout': 0.05444521140882543, 'future_num_cnn': 3, 'future_kernel_L0': 5, 'future_kernel_L1': 5, 'future_kernel_L2': 7, 'attention_dim': 64, 'decoder_dropout': 0.4510348406158696, 'lookback': 24, 'horizon': 36}. Best is trial 28 with value: 39.91106298155222.
[I 2026-07-02 18:36:18,323] Trial 37 finished with value: 41.283834073348665 and parameters: {'epochs': 20, 'learning_rate': 0.0001433105321954704, 'weight_decay': 0.05002596788737135, 'past_hidden_size': 16, 'past_cnn_filters': 16, 'past_num_lstm': 3, 'past_dropout': 0.1817026607664183, 'past_num_cnn': 1, 'past_kernel_L0': 5, 'future_hidden_size': 64, 'future_cnn_filters': 16, 'future_num_lstm': 3, 'future_dropout': 0.08704837775411903, 'future_num_cnn': 1, 'future_kernel_L0': 7, 'attention_dim': 64, 'decoder_dropout': 0.2914822876327671, 'lookback': 24, 'horizon': 36}. Best is trial 28 with value: 39.91106298155222.
[I 2026-07-02 18:54:54,834] Trial 39 finished with value: 40.17720476923441 and parameters: {'epochs': 26, 'learning_rate': 0.0003205877097685319, 'weight_decay': 0.025489295880011618, 'past_hidden_size': 64, 'past_cnn_filters': 16, 'past_num_lstm': 1, 'past_dropout': 0.23663452186182887, 'past_num_cnn': 2, 'past_kernel_L0': 7, 'past_kernel_L1': 7, 'future_hidden_size': 64, 'future_cnn_filters': 16, 'future_num_lstm': 3, 'future_dropout': 0.00849872889721932, 'future_num_cnn': 2, 'future_kernel_L0': 5, 'future_kernel_L1': 7, 'attention_dim': 64, 'decoder_dropout': 0.21262081014649886, 'lookback': 24, 'horizon': 24}. Best is trial 28 with value: 39.91106298155222.
[I 2026-07-02 19:18:23,083] Trial 41 finished with value: 39.733897640883065 and parameters: {'epochs': 26, 'learning_rate': 0.0003367698735746964, 'weight_decay': 0.013301260869121296, 'past_hidden_size': 64, 'past_cnn_filters': 16, 'past_num_lstm': 1, 'past_dropout': 0.22664760692595745, 'past_num_cnn': 1, 'past_kernel_L0': 7, 'future_hidden_size': 64, 'future_cnn_filters': 16, 'future_num_lstm': 3, 'future_dropout': 0.11356553692476691, 'future_num_cnn': 2, 'future_kernel_L0': 5, 'future_kernel_L1': 7, 'attention_dim': 64, 'decoder_dropout': 0.22160962741828763, 'lookback': 24, 'horizon': 24}. Best is trial 41 with value: 39.733897640883065.
[I 2026-07-02 19:36:52,905] Trial 43 finished with value: 41.82770665304287 and parameters: {'epochs': 28, 'learning_rate': 0.000409386384367194, 'weight_decay': 0.025915953459251993, 'past_hidden_size': 64, 'past_cnn_filters': 64, 'past_num_lstm': 1, 'past_dropout': 0.2382625637844019, 'past_num_cnn': 1, 'past_kernel_L0': 7, 'future_hidden_size': 64, 'future_cnn_filters': 32, 'future_num_lstm': 2, 'future_dropout': 0.16442442132415616, 'future_num_cnn': 2, 'future_kernel_L0': 5, 'future_kernel_L1': 7, 'attention_dim': 64, 'decoder_dropout': 0.2207172298605214, 'lookback': 24, 'horizon': 24}. Best is trial 41 with value: 39.733897640883065.
[I 2026-07-02 19:45:42,562] Trial 45 finished with value: 41.15912482420933 and parameters: {'epochs': 26, 'learning_rate': 0.0002921359500467083, 'weight_decay': 0.012414716600491673, 'past_hidden_size': 64, 'past_cnn_filters': 32, 'past_num_lstm': 1, 'past_dropout': 0.038426441508080944, 'past_num_cnn': 2, 'past_kernel_L0': 7, 'past_kernel_L1': 7, 'future_hidden_size': 128, 'future_cnn_filters': 128, 'future_num_lstm': 3, 'future_dropout': 0.07573374672386325, 'future_num_cnn': 2, 'future_kernel_L0': 5, 'future_kernel_L1': 7, 'attention_dim': 64, 'decoder_dropout': 0.163470122737742, 'lookback': 48, 'horizon': 24}. Best is trial 41 with value: 39.733897640883065.
[I 2026-07-02 20:09:24,014] Trial 47 finished with value: 39.89825137054215 and parameters: {'epochs': 24, 'learning_rate': 0.0002617644001526293, 'weight_decay': 0.03765503191056385, 'past_hidden_size': 64, 'past_cnn_filters': 16, 'past_num_lstm': 1, 'past_dropout': 0.3183685844587819, 'past_num_cnn': 1, 'past_kernel_L0': 7, 'future_hidden_size': 64, 'future_cnn_filters': 16, 'future_num_lstm': 3, 'future_dropout': 0.02229622731656346, 'future_num_cnn': 2, 'future_kernel_L0': 5, 'future_kernel_L1': 7, 'attention_dim': 64, 'decoder_dropout': 0.25359280340970863, 'lookback': 24, 'horizon': 24}. Best is trial 41 with value: 39.733897640883065.
[I 2026-07-02 20:29:21,576] Trial 49 finished with value: 39.17758576660842 and parameters: {'epochs': 24, 'learning_rate': 0.000340062859484618, 'weight_decay': 0.019587445151845347, 'past_hidden_size': 64, 'past_cnn_filters': 16, 'past_num_lstm': 1, 'past_dropout': 0.33664784260755154, 'past_num_cnn': 1, 'past_kernel_L0': 7, 'future_hidden_size': 64, 'future_cnn_filters': 16, 'future_num_lstm': 3, 'future_dropout': 0.0402310932392793, 'future_num_cnn': 2, 'future_kernel_L0': 5, 'future_kernel_L1': 7, 'attention_dim': 64, 'decoder_dropout': 0.2711432630040365, 'lookback': 24, 'horizon': 24}. Best is trial 49 with value: 39.17758576660842.
[I 2026-07-02 20:50:30,587] Trial 51 finished with value: 40.6106424052397 and parameters: {'epochs': 24, 'learning_rate': 0.00025831069790250286, 'weight_decay': 0.018277328867241177, 'past_hidden_size': 64, 'past_cnn_filters': 16, 'past_num_lstm': 1, 'past_dropout': 0.4374009480176531, 'past_num_cnn': 1, 'past_kernel_L0': 7, 'future_hidden_size': 64, 'future_cnn_filters': 16, 'future_num_lstm': 3, 'future_dropout': 0.2731090385758468, 'future_num_cnn': 2, 'future_kernel_L0': 5, 'future_kernel_L1': 7, 'attention_dim': 128, 'decoder_dropout': 0.24279911187474582, 'lookback': 72, 'horizon': 24}. Best is trial 49 with value: 39.17758576660842.
[I 2026-07-02 21:04:11,153] Trial 53 finished with value: 41.31652404396527 and parameters: {'epochs': 23, 'learning_rate': 0.0004889528350203144, 'weight_decay': 0.007902099026407379, 'past_hidden_size': 64, 'past_cnn_filters': 64, 'past_num_lstm': 1, 'past_dropout': 0.36104606748232876, 'past_num_cnn': 1, 'past_kernel_L0': 7, 'future_hidden_size': 64, 'future_cnn_filters': 16, 'future_num_lstm': 3, 'future_dropout': 0.11500298129924767, 'future_num_cnn': 2, 'future_kernel_L0': 3, 'future_kernel_L1': 7, 'attention_dim': 64, 'decoder_dropout': 0.2730840710605127, 'lookback': 48, 'horizon': 24}. Best is trial 49 with value: 39.17758576660842.
[I 2026-07-02 21:11:44,463] Trial 55 finished with value: 42.93141454430318 and parameters: {'epochs': 27, 'learning_rate': 0.000580458832588858, 'weight_decay': 0.0002498328072587135, 'past_hidden_size': 16, 'past_cnn_filters': 128, 'past_num_lstm': 1, 'past_dropout': 0.40484752625829845, 'past_num_cnn': 1, 'past_kernel_L0': 3, 'future_hidden_size': 128, 'future_cnn_filters': 128, 'future_num_lstm': 3, 'future_dropout': 0.36967161671557663, 'future_num_cnn': 3, 'future_kernel_L0': 5, 'future_kernel_L1': 3, 'future_kernel_L2': 7, 'attention_dim': 64, 'decoder_dropout': 0.3019230634222468, 'lookback': 24, 'horizon': 24}. Best is trial 49 with value: 39.17758576660842.
[I 2026-07-02 21:41:32,447] Trial 57 finished with value: 40.000728755771746 and parameters: {'epochs': 29, 'learning_rate': 0.00022233359060697447, 'weight_decay': 0.038518586540725354, 'past_hidden_size': 128, 'past_cnn_filters': 16, 'past_num_lstm': 1, 'past_dropout': 0.316604146685592, 'past_num_cnn': 1, 'past_kernel_L0': 7, 'future_hidden_size': 64, 'future_cnn_filters': 16, 'future_num_lstm': 3, 'future_dropout': 0.030900279930635752, 'future_num_cnn': 2, 'future_kernel_L0': 5, 'future_kernel_L1': 7, 'attention_dim': 64, 'decoder_dropout': 0.18961723390141288, 'lookback': 24, 'horizon': 24}. Best is trial 49 with value: 39.17758576660842.
[I 2026-07-02 22:13:48,779] Trial 60 finished with value: 40.1762303389988 and parameters: {'epochs': 25, 'learning_rate': 0.00020249174605183897, 'weight_decay': 0.0725139419123943, 'past_hidden_size': 128, 'past_cnn_filters': 16, 'past_num_lstm': 1, 'past_dropout': 0.27236809052142413, 'past_num_cnn': 1, 'past_kernel_L0': 7, 'future_hidden_size': 64, 'future_cnn_filters': 16, 'future_num_lstm': 3, 'future_dropout': 0.09301929716968149, 'future_num_cnn': 2, 'future_kernel_L0': 5, 'future_kernel_L1': 7, 'attention_dim': 64, 'decoder_dropout': 0.1232759863218376, 'lookback': 24, 'horizon': 24}. Best is trial 49 with value: 39.17758576660842.
[I 2026-07-02 22:39:35,334] Trial 63 finished with value: 41.12151054293938 and parameters: {'epochs': 22, 'learning_rate': 0.00025298661524279515, 'weight_decay': 0.001079026597536257, 'past_hidden_size': 64, 'past_cnn_filters': 16, 'past_num_lstm': 1, 'past_dropout': 0.03633838839903752, 'past_num_cnn': 1, 'past_kernel_L0': 3, 'future_hidden_size': 16, 'future_cnn_filters': 16, 'future_num_lstm': 3, 'future_dropout': 0.06525776812937227, 'future_num_cnn': 2, 'future_kernel_L0': 5, 'future_kernel_L1': 5, 'attention_dim': 64, 'decoder_dropout': 0.3127191992723656, 'lookback': 24, 'horizon': 48}. Best is trial 49 with value: 39.17758576660842.
[I 2026-07-02 23:18:11,316] Trial 65 finished with value: 39.398272770972774 and parameters: {'epochs': 29, 'learning_rate': 0.00027335292454460774, 'weight_decay': 0.04264146317880959, 'past_hidden_size': 64, 'past_cnn_filters': 16, 'past_num_lstm': 1, 'past_dropout': 0.48342187776881224, 'past_num_cnn': 1, 'past_kernel_L0': 7, 'future_hidden_size': 64, 'future_cnn_filters': 16, 'future_num_lstm': 2, 'future_dropout': 0.01605607608512943, 'future_num_cnn': 2, 'future_kernel_L0': 5, 'future_kernel_L1': 5, 'attention_dim': 128, 'decoder_dropout': 0.22639797920258767, 'lookback': 24, 'horizon': 24}. Best is trial 49 with value: 39.17758576660842.
[I 2026-07-02 23:32:57,966] Trial 67 finished with value: 41.49386811467289 and parameters: {'epochs': 29, 'learning_rate': 0.00027044052876747966, 'weight_decay': 0.0014968362337500214, 'past_hidden_size': 64, 'past_cnn_filters': 16, 'past_num_lstm': 1, 'past_dropout': 0.4857570341137966, 'past_num_cnn': 1, 'past_kernel_L0': 7, 'future_hidden_size': 16, 'future_cnn_filters': 16, 'future_num_lstm': 2, 'future_dropout': 0.018188238687435798, 'future_num_cnn': 2, 'future_kernel_L0': 5, 'future_kernel_L1': 5, 'attention_dim': 128, 'decoder_dropout': 0.35137594887893786, 'lookback': 24, 'horizon': 24}. Best is trial 49 with value: 39.17758576660842.
[I 2026-07-02 23:59:12,410] Trial 69 finished with value: 39.57162307574122 and parameters: {'epochs': 27, 'learning_rate': 0.0003028950377145601, 'weight_decay': 0.0005018472659548085, 'past_hidden_size': 64, 'past_cnn_filters': 16, 'past_num_lstm': 1, 'past_dropout': 0.42976286742711534, 'past_num_cnn': 1, 'past_kernel_L0': 7, 'future_hidden_size': 16, 'future_cnn_filters': 16, 'future_num_lstm': 1, 'future_dropout': 0.02058732468337193, 'future_num_cnn': 2, 'future_kernel_L0': 5, 'future_kernel_L1': 5, 'attention_dim': 128, 'decoder_dropout': 0.22647324860966508, 'lookback': 24, 'horizon': 24}. Best is trial 49 with value: 39.17758576660842.
[I 2026-07-03 00:24:00,267] Trial 70 finished with value: 39.458255975856325 and parameters: {'epochs': 27, 'learning_rate': 0.00030216818525398084, 'weight_decay': 0.0002695558270637305, 'past_hidden_size': 64, 'past_cnn_filters': 16, 'past_num_lstm': 1, 'past_dropout': 0.429859300944743, 'past_num_cnn': 1, 'past_kernel_L0': 7, 'future_hidden_size': 16, 'future_cnn_filters': 32, 'future_num_lstm': 1, 'future_dropout': 0.14875967468343707, 'future_num_cnn': 2, 'future_kernel_L0': 5, 'future_kernel_L1': 5, 'attention_dim': 128, 'decoder_dropout': 0.2314312384993392, 'lookback': 24, 'horizon': 24}. Best is trial 49 with value: 39.17758576660842.
[I 2026-07-03 00:43:14,941] Trial 72 finished with value: 41.586575945121396 and parameters: {'epochs': 27, 'learning_rate': 0.0003019324103497341, 'weight_decay': 0.00015769862771885978, 'past_hidden_size': 64, 'past_cnn_filters': 128, 'past_num_lstm': 1, 'past_dropout': 0.42949191426031974, 'past_num_cnn': 1, 'past_kernel_L0': 7, 'future_hidden_size': 16, 'future_cnn_filters': 32, 'future_num_lstm': 1, 'future_dropout': 0.209990433682726, 'future_num_cnn': 2, 'future_kernel_L0': 5, 'future_kernel_L1': 5, 'attention_dim': 128, 'decoder_dropout': 0.2520090444564194, 'lookback': 24, 'horizon': 24}. Best is trial 49 with value: 39.17758576660842.
