[I 2026-07-03 00:59:07,505] Trial 75 finished with value: 40.611334079121086 and parameters: {'epochs': 25, 'learning_rate': 0.00043967709063960213, 'weight_decay': 0.00025585828593751767, 'past_hidden_size': 64, 'past_cnn_filters': 32, 'past_num_lstm': 1, 'past_dropout': 0.46376872972117766, 'past_num_cnn': 1, 'past_kernel_L0': 7, 'future_hidden_size': 32, 'future_cnn_filters': 32, 'future_num_lstm': 1, 'future_dropout': 0.19765262538224448, 'future_num_cnn': 1, 'future_kernel_L0': 7, 'attention_dim': 128, 'decoder_dropout': 0.146692764046308, 'lookback': 72, 'horizon': 24}. Best is trial 49 with value: 39.17758576660842.
[I 2026-07-03 01:11:01,709] Trial 76 finished with value: 42.194322727042994 and parameters: {'epochs': 28, 'learning_rate': 0.00036934293198534663, 'weight_decay': 0.0004352684185083673, 'past_hidden_size': 64, 'past_cnn_filters': 16, 'past_num_lstm': 1, 'past_dropout': 0.47821658018932306, 'past_num_cnn': 1, 'past_kernel_L0': 7, 'future_hidden_size': 16, 'future_cnn_filters': 64, 'future_num_lstm': 2, 'future_dropout': 0.020903223841812202, 'future_num_cnn': 2, 'future_kernel_L0': 5, 'future_kernel_L1': 5, 'attention_dim': 128, 'decoder_dropout': 0.22611000072417947, 'lookback': 24, 'horizon': 24}. Best is trial 49 with value: 39.17758576660842.
[I 2026-07-03 01:35:49,351] Trial 78 finished with value: 40.29360802117971 and parameters: {'epochs': 26, 'learning_rate': 0.00023489857985025512, 'weight_decay': 0.0007390646601653337, 'past_hidden_size': 64, 'past_cnn_filters': 16, 'past_num_lstm': 1, 'past_dropout': 0.40133783098929543, 'past_num_cnn': 1, 'past_kernel_L0': 7, 'future_hidden_size': 16, 'future_cnn_filters': 16, 'future_num_lstm': 1, 'future_dropout': 0.054292215466243736, 'future_num_cnn': 2, 'future_kernel_L0': 5, 'future_kernel_L1': 5, 'attention_dim': 128, 'decoder_dropout': 0.2292943467553131, 'lookback': 24, 'horizon': 24}. Best is trial 49 with value: 39.17758576660842.
[I 2026-07-03 01:55:30,656] Trial 80 finished with value: 39.72506856047788 and parameters: {'epochs': 24, 'learning_rate': 0.0002808253971305202, 'weight_decay': 0.00031109198611824933, 'past_hidden_size': 64, 'past_cnn_filters': 16, 'past_num_lstm': 1, 'past_dropout': 0.21853548259359906, 'past_num_cnn': 1, 'past_kernel_L0': 7, 'future_hidden_size': 16, 'future_cnn_filters': 16, 'future_num_lstm': 2, 'future_dropout': 0.07497620264665922, 'future_num_cnn': 2, 'future_kernel_L0': 5, 'future_kernel_L1': 5, 'attention_dim': 32, 'decoder_dropout': 0.17702254645391008, 'lookback': 24, 'horizon': 24}. Best is trial 49 with value: 39.17758576660842.
[I 2026-07-03 02:15:10,565] Trial 82 finished with value: 42.933489617439584 and parameters: {'epochs': 24, 'learning_rate': 0.000279152442096459, 'weight_decay': 0.0002954884643435598, 'past_hidden_size': 64, 'past_cnn_filters': 16, 'past_num_lstm': 1, 'past_dropout': 0.22122761776680677, 'past_num_cnn': 1, 'past_kernel_L0': 7, 'future_hidden_size': 16, 'future_cnn_filters': 128, 'future_num_lstm': 1, 'future_dropout': 0.12368589397473836, 'future_num_cnn': 2, 'future_kernel_L0': 5, 'future_kernel_L1': 5, 'attention_dim': 32, 'decoder_dropout': 0.17786452023076008, 'lookback': 48, 'horizon': 24}. Best is trial 49 with value: 39.17758576660842.
[I 2026-07-03 02:40:06,543] Trial 84 finished with value: 39.481424050162374 and parameters: {'epochs': 26, 'learning_rate': 0.00032942127230710253, 'weight_decay': 0.0008021195815920494, 'past_hidden_size': 64, 'past_cnn_filters': 16, 'past_num_lstm': 1, 'past_dropout': 0.25198909633144745, 'past_num_cnn': 1, 'past_kernel_L0': 7, 'future_hidden_size': 16, 'future_cnn_filters': 16, 'future_num_lstm': 1, 'future_dropout': 0.10475738985889617, 'future_num_cnn': 2, 'future_kernel_L0': 5, 'future_kernel_L1': 3, 'attention_dim': 32, 'decoder_dropout': 0.14449390360846964, 'lookback': 24, 'horizon': 24}. Best is trial 49 with value: 39.17758576660842.
[I 2026-07-03 03:08:41,063] Trial 86 finished with value: 39.08438482832821 and parameters: {'epochs': 26, 'learning_rate': 0.0003384080602684015, 'weight_decay': 0.00019273739233792436, 'past_hidden_size': 64, 'past_cnn_filters': 16, 'past_num_lstm': 1, 'past_dropout': 0.2599101838755341, 'past_num_cnn': 1, 'past_kernel_L0': 7, 'future_hidden_size': 16, 'future_cnn_filters': 16, 'future_num_lstm': 1, 'future_dropout': 0.1017682138719997, 'future_num_cnn': 2, 'future_kernel_L0': 5, 'future_kernel_L1': 3, 'attention_dim': 32, 'decoder_dropout': 0.10315684083362729, 'lookback': 48, 'horizon': 24}. Best is trial 86 with value: 39.08438482832821.
[I 2026-07-03 03:33:25,986] Trial 88 finished with value: 40.72627071481684 and parameters: {'epochs': 27, 'learning_rate': 0.0003159703044337053, 'weight_decay': 0.00032259006183296826, 'past_hidden_size': 64, 'past_cnn_filters': 16, 'past_num_lstm': 1, 'past_dropout': 0.2935874040453046, 'past_num_cnn': 1, 'past_kernel_L0': 7, 'future_hidden_size': 16, 'future_cnn_filters': 16, 'future_num_lstm': 1, 'future_dropout': 0.1443510572398448, 'future_num_cnn': 2, 'future_kernel_L0': 5, 'future_kernel_L1': 3, 'attention_dim': 32, 'decoder_dropout': 0.09152818325860212, 'lookback': 48, 'horizon': 24}. Best is trial 86 with value: 39.08438482832821.
[I 2026-07-03 04:09:42,682] Trial 90 finished with value: 40.311065588716 and parameters: {'epochs': 28, 'learning_rate': 0.0004224713337115269, 'weight_decay': 0.0001320865730709139, 'past_hidden_size': 64, 'past_cnn_filters': 16, 'past_num_lstm': 1, 'past_dropout': 0.26420257261324254, 'past_num_cnn': 1, 'past_kernel_L0': 7, 'future_hidden_size': 16, 'future_cnn_filters': 16, 'future_num_lstm': 1, 'future_dropout': 0.10267047934987453, 'future_num_cnn': 2, 'future_kernel_L0': 5, 'future_kernel_L1': 3, 'attention_dim': 32, 'decoder_dropout': 0.13911981451728705, 'lookback': 48, 'horizon': 24}. Best is trial 86 with value: 39.08438482832821.
[I 2026-07-03 04:32:37,786] Trial 92 finished with value: 41.2865089580113 and parameters: {'epochs': 26, 'learning_rate': 0.00028945412702784394, 'weight_decay': 0.00022170984382486166, 'past_hidden_size': 64, 'past_cnn_filters': 16, 'past_num_lstm': 1, 'past_dropout': 0.2110987145173995, 'past_num_cnn': 1, 'past_kernel_L0': 7, 'future_hidden_size': 16, 'future_cnn_filters': 32, 'future_num_lstm': 1, 'future_dropout': 0.07710031335653483, 'future_num_cnn': 2, 'future_kernel_L0': 3, 'future_kernel_L1': 3, 'attention_dim': 32, 'decoder_dropout': 0.013270110362050794, 'lookback': 48, 'horizon': 24}. Best is trial 86 with value: 39.08438482832821.
[I 2026-07-03 04:54:15,273] Trial 94 finished with value: 40.88789744417313 and parameters: {'epochs': 25, 'learning_rate': 0.0003568234008898405, 'weight_decay': 0.0003360661270552798, 'past_hidden_size': 64, 'past_cnn_filters': 64, 'past_num_lstm': 1, 'past_dropout': 0.3383257706965956, 'past_num_cnn': 1, 'past_kernel_L0': 3, 'future_hidden_size': 16, 'future_cnn_filters': 16, 'future_num_lstm': 1, 'future_dropout': 0.13233371087639934, 'future_num_cnn': 2, 'future_kernel_L0': 5, 'future_kernel_L1': 5, 'attention_dim': 32, 'decoder_dropout': 0.15311876662882806, 'lookback': 48, 'horizon': 24}. Best is trial 86 with value: 39.08438482832821.
[I 2026-07-03 05:13:23,125] Trial 96 finished with value: 40.08340644770435 and parameters: {'epochs': 27, 'learning_rate': 0.00034545497370349986, 'weight_decay': 0.0018684178891503925, 'past_hidden_size': 64, 'past_cnn_filters': 16, 'past_num_lstm': 1, 'past_dropout': 0.22987277348653312, 'past_num_cnn': 1, 'past_kernel_L0': 7, 'future_hidden_size': 16, 'future_cnn_filters': 16, 'future_num_lstm': 1, 'future_dropout': 0.48902300866018544, 'future_num_cnn': 2, 'future_kernel_L0': 5, 'future_kernel_L1': 5, 'attention_dim': 32, 'decoder_dropout': 0.1034796676865112, 'lookback': 24, 'horizon': 24}. Best is trial 86 with value: 39.08438482832821.
[I 2026-07-03 05:46:33,526] Trial 98 finished with value: 39.63821978087394 and parameters: {'epochs': 26, 'learning_rate': 0.0003245352201401975, 'weight_decay': 0.004829151724621007, 'past_hidden_size': 64, 'past_cnn_filters': 16, 'past_num_lstm': 1, 'past_dropout': 0.28114597723785356, 'past_num_cnn': 1, 'past_kernel_L0': 7, 'future_hidden_size': 16, 'future_cnn_filters': 16, 'future_num_lstm': 1, 'future_dropout': 0.11589909305581754, 'future_num_cnn': 2, 'future_kernel_L0': 5, 'future_kernel_L1': 3, 'attention_dim': 128, 'decoder_dropout': 0.04908544881940955, 'lookback': 24, 'horizon': 24}. Best is trial 86 with value: 39.08438482832821.
[I 2026-07-03 06:10:47,791] Trial 100 finished with value: 39.523947555038674 and parameters: {'epochs': 23, 'learning_rate': 0.00030922813825780916, 'weight_decay': 0.003245076257855977, 'past_hidden_size': 64, 'past_cnn_filters': 16, 'past_num_lstm': 1, 'past_dropout': 0.3064819030146654, 'past_num_cnn': 1, 'past_kernel_L0': 7, 'future_hidden_size': 16, 'future_cnn_filters': 16, 'future_num_lstm': 1, 'future_dropout': 0.0852751535899113, 'future_num_cnn': 2, 'future_kernel_L0': 5, 'future_kernel_L1': 3, 'attention_dim': 128, 'decoder_dropout': 0.05300763695191119, 'lookback': 24, 'horizon': 24}. Best is trial 86 with value: 39.08438482832821.
[I 2026-07-03 06:37:44,580] Trial 102 finished with value: 40.71745732167356 and parameters: {'epochs': 30, 'learning_rate': 0.00045813098462809895, 'weight_decay': 0.00507331018606453, 'past_hidden_size': 64, 'past_cnn_filters': 16, 'past_num_lstm': 1, 'past_dropout': 0.28125415911362, 'past_num_cnn': 1, 'past_kernel_L0': 7, 'future_hidden_size': 16, 'future_cnn_filters': 16, 'future_num_lstm': 1, 'future_dropout': 0.08943534361688228, 'future_num_cnn': 2, 'future_kernel_L0': 5, 'future_kernel_L1': 3, 'attention_dim': 128, 'decoder_dropout': 0.03182461856037112, 'lookback': 24, 'horizon': 24}. Best is trial 86 with value: 39.08438482832821.
[I 2026-07-03 06:54:09,479] Trial 104 finished with value: 40.55398547106489 and parameters: {'epochs': 25, 'learning_rate': 0.00031401966403988045, 'weight_decay': 0.002270373856085116, 'past_hidden_size': 64, 'past_cnn_filters': 16, 'past_num_lstm': 1, 'past_dropout': 0.33763636564362987, 'past_num_cnn': 1, 'past_kernel_L0': 7, 'future_hidden_size': 128, 'future_cnn_filters': 16, 'future_num_lstm': 1, 'future_dropout': 0.045652458594574036, 'future_num_cnn': 2, 'future_kernel_L0': 7, 'future_kernel_L1': 3, 'attention_dim': 128, 'decoder_dropout': 0.057204488724375765, 'lookback': 48, 'horizon': 48}. Best is trial 86 with value: 39.08438482832821.
[I 2026-07-03 07:20:54,286] Trial 106 finished with value: 40.04476688296509 and parameters: {'epochs': 25, 'learning_rate': 0.00038516703083431026, 'weight_decay': 0.003490721137606858, 'past_hidden_size': 64, 'past_cnn_filters': 16, 'past_num_lstm': 1, 'past_dropout': 0.2849729472411528, 'past_num_cnn': 1, 'past_kernel_L0': 7, 'future_hidden_size': 16, 'future_cnn_filters': 16, 'future_num_lstm': 1, 'future_dropout': 0.09889066120945886, 'future_num_cnn': 2, 'future_kernel_L0': 5, 'future_kernel_L1': 3, 'attention_dim': 128, 'decoder_dropout': 0.002846572029275657, 'lookback': 24, 'horizon': 24}. Best is trial 86 with value: 39.08438482832821.
[I 2026-07-03 07:36:17,731] Trial 109 finished with value: 41.00214307041384 and parameters: {'epochs': 12, 'learning_rate': 0.0003274483582248579, 'weight_decay': 0.0024228723973292606, 'past_hidden_size': 64, 'past_cnn_filters': 16, 'past_num_lstm': 1, 'past_dropout': 0.3283538425806911, 'past_num_cnn': 1, 'past_kernel_L0': 7, 'future_hidden_size': 16, 'future_cnn_filters': 16, 'future_num_lstm': 1, 'future_dropout': 0.05908504865949839, 'future_num_cnn': 2, 'future_kernel_L0': 5, 'future_kernel_L1': 3, 'attention_dim': 128, 'decoder_dropout': 0.043663161366455275, 'lookback': 24, 'horizon': 24}. Best is trial 86 with value: 39.08438482832821.
[I 2026-07-03 07:58:04,627] Trial 110 finished with value: 40.22869048536599 and parameters: {'epochs': 23, 'learning_rate': 0.0002691127218155496, 'weight_decay': 0.0028753913586260496, 'past_hidden_size': 64, 'past_cnn_filters': 16, 'past_num_lstm': 1, 'past_dropout': 0.2526666671179336, 'past_num_cnn': 1, 'past_kernel_L0': 7, 'future_hidden_size': 16, 'future_cnn_filters': 16, 'future_num_lstm': 1, 'future_dropout': 0.0710501704745862, 'future_num_cnn': 2, 'future_kernel_L0': 5, 'future_kernel_L1': 3, 'attention_dim': 128, 'decoder_dropout': 0.08154868339205734, 'lookback': 24, 'horizon': 24}. Best is trial 86 with value: 39.08438482832821.
[I 2026-07-03 08:21:15,095] Trial 112 finished with value: 42.4406965605093 and parameters: {'epochs': 26, 'learning_rate': 0.0002881199719643278, 'weight_decay': 0.001194906964840014, 'past_hidden_size': 16, 'past_cnn_filters': 128, 'past_num_lstm': 1, 'past_dropout': 0.42073993464545567, 'past_num_cnn': 1, 'past_kernel_L0': 7, 'future_hidden_size': 16, 'future_cnn_filters': 16, 'future_num_lstm': 1, 'future_dropout': 0.42712897733102445, 'future_num_cnn': 2, 'future_kernel_L0': 5, 'future_kernel_L1': 3, 'attention_dim': 128, 'decoder_dropout': 0.023039993785952003, 'lookback': 24, 'horizon': 24}. Best is trial 86 with value: 39.08438482832821.
[I 2026-07-03 08:34:10,229] Trial 114 finished with value: 40.78868852146603 and parameters: {'epochs': 27, 'learning_rate': 0.00037283302054954355, 'weight_decay': 0.004718582369885501, 'past_hidden_size': 64, 'past_cnn_filters': 16, 'past_num_lstm': 1, 'past_dropout': 0.38884695631926863, 'past_num_cnn': 1, 'past_kernel_L0': 7, 'future_hidden_size': 16, 'future_cnn_filters': 64, 'future_num_lstm': 1, 'future_dropout': 0.04945773657962509, 'future_num_cnn': 2, 'future_kernel_L0': 5, 'future_kernel_L1': 3, 'attention_dim': 128, 'decoder_dropout': 0.10786710457524637, 'lookback': 72, 'horizon': 24}. Best is trial 86 with value: 39.08438482832821.
[I 2026-07-03 08:49:43,779] Trial 115 finished with value: 42.86602996382932 and parameters: {'epochs': 27, 'learning_rate': 0.0003633162259785446, 'weight_decay': 0.0005100319765370401, 'past_hidden_size': 64, 'past_cnn_filters': 32, 'past_num_lstm': 1, 'past_dropout': 0.44854484289973995, 'past_num_cnn': 3, 'past_kernel_L0': 7, 'past_kernel_L1': 5, 'past_kernel_L2': 5, 'future_hidden_size': 32, 'future_cnn_filters': 16, 'future_num_lstm': 1, 'future_dropout': 0.12104051955462845, 'future_num_cnn': 2, 'future_kernel_L0': 5, 'future_kernel_L1': 5, 'attention_dim': 128, 'decoder_dropout': 0.2024889759650128, 'lookback': 24, 'horizon': 24}. Best is trial 113 with value: 39.0559954637302.
[I 2026-07-03 09:21:28,906] Trial 117 finished with value: 40.072174253136936 and parameters: {'epochs': 26, 'learning_rate': 0.0003378768428918613, 'weight_decay': 0.002751180682156657, 'past_hidden_size': 16, 'past_cnn_filters': 16, 'past_num_lstm': 1, 'past_dropout': 0.3542843618582774, 'past_num_cnn': 1, 'past_kernel_L0': 7, 'future_hidden_size': 16, 'future_cnn_filters': 16, 'future_num_lstm': 1, 'future_dropout': 0.25638223208330857, 'future_num_cnn': 2, 'future_kernel_L0': 5, 'future_kernel_L1': 3, 'attention_dim': 128, 'decoder_dropout': 0.06641462222730293, 'lookback': 24, 'horizon': 24}. Best is trial 116 with value: 38.85568063805319.
[I 2026-07-03 09:46:49,170] Trial 119 finished with value: 38.99669060090842 and parameters: {'epochs': 28, 'learning_rate': 0.00040346732613719534, 'weight_decay': 0.001396675777483715, 'past_hidden_size': 16, 'past_cnn_filters': 16, 'past_num_lstm': 1, 'past_dropout': 0.3752965792082551, 'past_num_cnn': 1, 'past_kernel_L0': 7, 'future_hidden_size': 16, 'future_cnn_filters': 16, 'future_num_lstm': 1, 'future_dropout': 0.03977316513923631, 'future_num_cnn': 2, 'future_kernel_L0': 5, 'future_kernel_L1': 3, 'attention_dim': 128, 'decoder_dropout': 0.01724279890975321, 'lookback': 24, 'horizon': 24}. Best is trial 116 with value: 38.85568063805319.
[I 2026-07-03 09:57:05,200] Trial 121 finished with value: 42.264753501516616 and parameters: {'epochs': 29, 'learning_rate': 0.0008568914561709155, 'weight_decay': 0.000987515884600062, 'past_hidden_size': 16, 'past_cnn_filters': 16, 'past_num_lstm': 1, 'past_dropout': 0.3822010603687127, 'past_num_cnn': 1, 'past_kernel_L0': 7, 'future_hidden_size': 16, 'future_cnn_filters': 128, 'future_num_lstm': 1, 'future_dropout': 0.008508801441797118, 'future_num_cnn': 2, 'future_kernel_L0': 5, 'future_kernel_L1': 3, 'attention_dim': 128, 'decoder_dropout': 0.006369526838837659, 'lookback': 24, 'horizon': 24}. Best is trial 116 with value: 38.85568063805319.
[I 2026-07-03 10:21:06,326] Trial 122 finished with value: 39.12082880230276 and parameters: {'epochs': 28, 'learning_rate': 0.0003947643881535682, 'weight_decay': 0.0008065950269748653, 'past_hidden_size': 16, 'past_cnn_filters': 16, 'past_num_lstm': 1, 'past_dropout': 0.37074179628363746, 'past_num_cnn': 1, 'past_kernel_L0': 7, 'future_hidden_size': 16, 'future_cnn_filters': 32, 'future_num_lstm': 1, 'future_dropout': 0.053271761891408996, 'future_num_cnn': 2, 'future_kernel_L0': 5, 'future_kernel_L1': 3, 'attention_dim': 128, 'decoder_dropout': 0.0004095848780616457, 'lookback': 24, 'horizon': 24}. Best is trial 116 with value: 38.85568063805319.
[I 2026-07-03 10:37:37,518] Trial 124 finished with value: 40.04266208312064 and parameters: {'epochs': 30, 'learning_rate': 0.000449793443428843, 'weight_decay': 0.0007760578949836374, 'past_hidden_size': 16, 'past_cnn_filters': 16, 'past_num_lstm': 1, 'past_dropout': 0.372175952443729, 'past_num_cnn': 2, 'past_kernel_L0': 7, 'past_kernel_L1': 3, 'future_hidden_size': 16, 'future_cnn_filters': 32, 'future_num_lstm': 1, 'future_dropout': 0.06336295977354922, 'future_num_cnn': 2, 'future_kernel_L0': 5, 'future_kernel_L1': 3, 'attention_dim': 128, 'decoder_dropout': 0.020765262037404458, 'lookback': 24, 'horizon': 24}. Best is trial 116 with value: 38.85568063805319.
[I 2026-07-03 11:00:18,674] Trial 126 finished with value: 39.47657345116851 and parameters: {'epochs': 28, 'learning_rate': 0.0004116715867341138, 'weight_decay': 0.0012909809286982348, 'past_hidden_size': 16, 'past_cnn_filters': 16, 'past_num_lstm': 1, 'past_dropout': 0.36168552601176607, 'past_num_cnn': 1, 'past_kernel_L0': 7, 'future_hidden_size': 16, 'future_cnn_filters': 32, 'future_num_lstm': 1, 'future_dropout': 0.03803886099013435, 'future_num_cnn': 2, 'future_kernel_L0': 5, 'future_kernel_L1': 3, 'attention_dim': 128, 'decoder_dropout': 0.030732924019095068, 'lookback': 24, 'horizon': 24}. Best is trial 116 with value: 38.85568063805319.
[I 2026-07-03 11:15:31,897] Trial 128 finished with value: 40.28727110195175 and parameters: {'epochs': 29, 'learning_rate': 0.00047007394339630026, 'weight_decay': 0.001696269148568536, 'past_hidden_size': 16, 'past_cnn_filters': 16, 'past_num_lstm': 1, 'past_dropout': 0.3842721656678998, 'past_num_cnn': 1, 'past_kernel_L0': 7, 'future_hidden_size': 16, 'future_cnn_filters': 32, 'future_num_lstm': 1, 'future_dropout': 0.0433081236542614, 'future_num_cnn': 2, 'future_kernel_L0': 5, 'future_kernel_L1': 3, 'attention_dim': 128, 'decoder_dropout': 0.03334694329468626, 'lookback': 24, 'horizon': 24}. Best is trial 116 with value: 38.85568063805319.
[I 2026-07-03 11:40:50,161] Trial 129 finished with value: 39.315925685362274 and parameters: {'epochs': 28, 'learning_rate': 0.0004365219843179392, 'weight_decay': 0.0011188625590113348, 'past_hidden_size': 16, 'past_cnn_filters': 16, 'past_num_lstm': 1, 'past_dropout': 0.3911452550108422, 'past_num_cnn': 1, 'past_kernel_L0': 7, 'future_hidden_size': 16, 'future_cnn_filters': 32, 'future_num_lstm': 1, 'future_dropout': 0.08467935357800496, 'future_num_cnn': 2, 'future_kernel_L0': 5, 'future_kernel_L1': 3, 'attention_dim': 128, 'decoder_dropout': 0.045592772667311425, 'lookback': 24, 'horizon': 24}. Best is trial 116 with value: 38.85568063805319.
[I 2026-07-03 12:03:24,132] Trial 131 finished with value: 40.35640733596354 and parameters: {'epochs': 28, 'learning_rate': 0.00040288963521441197, 'weight_decay': 0.0006042819106801934, 'past_hidden_size': 16, 'past_cnn_filters': 16, 'past_num_lstm': 1, 'past_dropout': 0.39712215306198395, 'past_num_cnn': 1, 'past_kernel_L0': 7, 'future_hidden_size': 16, 'future_cnn_filters': 32, 'future_num_lstm': 1, 'future_dropout': 0.02870784170947777, 'future_num_cnn': 2, 'future_kernel_L0': 5, 'future_kernel_L1': 3, 'attention_dim': 128, 'decoder_dropout': 0.02439161425971125, 'lookback': 24, 'horizon': 24}. Best is trial 116 with value: 38.85568063805319.
[I 2026-07-03 12:22:50,974] Trial 133 finished with value: 40.1432593592165 and parameters: {'epochs': 29, 'learning_rate': 0.00043814399051879274, 'weight_decay': 0.0013467989569409498, 'past_hidden_size': 16, 'past_cnn_filters': 16, 'past_num_lstm': 1, 'past_dropout': 0.36168814844841435, 'past_num_cnn': 1, 'past_kernel_L0': 3, 'future_hidden_size': 16, 'future_cnn_filters': 32, 'future_num_lstm': 1, 'future_dropout': 0.055779629063447654, 'future_num_cnn': 2, 'future_kernel_L0': 3, 'future_kernel_L1': 3, 'attention_dim': 128, 'decoder_dropout': 0.04457790867413816, 'lookback': 24, 'horizon': 24}. Best is trial 116 with value: 38.85568063805319.
[I 2026-07-03 12:42:01,655] Trial 135 finished with value: 39.92301990044556 and parameters: {'epochs': 27, 'learning_rate': 0.000562477940324727, 'weight_decay': 0.0018478713559071666, 'past_hidden_size': 16, 'past_cnn_filters': 64, 'past_num_lstm': 1, 'past_dropout': 0.3779706360453481, 'past_num_cnn': 1, 'past_kernel_L0': 7, 'future_hidden_size': 32, 'future_cnn_filters': 32, 'future_num_lstm': 1, 'future_dropout': 0.07562957935560427, 'future_num_cnn': 2, 'future_kernel_L0': 5, 'future_kernel_L1': 3, 'attention_dim': 128, 'decoder_dropout': 0.06063323323337985, 'lookback': 24, 'horizon': 24}. Best is trial 116 with value: 38.85568063805319.
