[I 2026-07-03 00:30:29,291] Trial 71 finished with value: 40.33181716881416 and parameters: {'epochs': 27, 'learning_rate': 0.0003184211922572485, 'weight_decay': 0.00019423012383888274, 'past_hidden_size': 64, 'past_cnn_filters': 16, 'past_num_lstm': 1, 'past_dropout': 0.49737519769647554, 'past_num_cnn': 1, 'past_kernel_L0': 7, 'future_hidden_size': 16, 'future_cnn_filters': 32, 'future_num_lstm': 1, 'future_dropout': 0.1517550862024584, 'future_num_cnn': 2, 'future_kernel_L0': 3, 'future_kernel_L1': 5, 'attention_dim': 128, 'decoder_dropout': 0.24820754834124445, 'lookback': 24, 'horizon': 24}. Best is trial 49 with value: 39.17758576660842.
[I 2026-07-03 00:40:56,991] Trial 73 finished with value: 43.641775840610585 and parameters: {'epochs': 27, 'learning_rate': 0.0003954484288616027, 'weight_decay': 0.00039323385954481694, 'past_hidden_size': 64, 'past_cnn_filters': 128, 'past_num_lstm': 1, 'past_dropout': 0.4301955512090452, 'past_num_cnn': 3, 'past_kernel_L0': 7, 'past_kernel_L1': 3, 'past_kernel_L2': 7, 'future_hidden_size': 16, 'future_cnn_filters': 32, 'future_num_lstm': 1, 'future_dropout': 0.04292963506396876, 'future_num_cnn': 2, 'future_kernel_L0': 5, 'future_kernel_L1': 5, 'attention_dim': 128, 'decoder_dropout': 0.2602326540650256, 'lookback': 24, 'horizon': 24}. Best is trial 49 with value: 39.17758576660842.
[I 2026-07-03 01:00:53,175] Trial 74 finished with value: 40.20565288964304 and parameters: {'epochs': 25, 'learning_rate': 0.000300985825976388, 'weight_decay': 0.00028173383809937006, 'past_hidden_size': 64, 'past_cnn_filters': 32, 'past_num_lstm': 1, 'past_dropout': 0.4527848887794714, 'past_num_cnn': 1, 'past_kernel_L0': 7, 'future_hidden_size': 16, 'future_cnn_filters': 32, 'future_num_lstm': 1, 'future_dropout': 0.21751886168077425, 'future_num_cnn': 2, 'future_kernel_L0': 7, 'future_kernel_L1': 5, 'attention_dim': 128, 'decoder_dropout': 0.20756054203325963, 'lookback': 24, 'horizon': 24}. Best is trial 49 with value: 39.17758576660842.
[I 2026-07-03 01:12:52,950] Trial 77 finished with value: 41.49367119934887 and parameters: {'epochs': 28, 'learning_rate': 0.0003568049189788574, 'weight_decay': 0.00039912547438379956, 'past_hidden_size': 64, 'past_cnn_filters': 16, 'past_num_lstm': 1, 'past_dropout': 0.41109674743370844, 'past_num_cnn': 1, 'past_kernel_L0': 7, 'future_hidden_size': 16, 'future_cnn_filters': 64, 'future_num_lstm': 2, 'future_dropout': 0.016208651058075188, 'future_num_cnn': 2, 'future_kernel_L0': 5, 'future_kernel_L1': 5, 'attention_dim': 128, 'decoder_dropout': 0.22627288982654753, 'lookback': 24, 'horizon': 24}. Best is trial 49 with value: 39.17758576660842.
[I 2026-07-03 01:47:01,123] Trial 79 finished with value: 39.49314011043558 and parameters: {'epochs': 26, 'learning_rate': 0.00023238838405335732, 'weight_decay': 0.000693605448923147, 'past_hidden_size': 64, 'past_cnn_filters': 16, 'past_num_lstm': 1, 'past_dropout': 0.22490862035851214, 'past_num_cnn': 1, 'past_kernel_L0': 7, 'future_hidden_size': 16, 'future_cnn_filters': 16, 'future_num_lstm': 1, 'future_dropout': 0.05397274908567594, 'future_num_cnn': 2, 'future_kernel_L0': 5, 'future_kernel_L1': 5, 'attention_dim': 128, 'decoder_dropout': 0.17357114514971855, 'lookback': 24, 'horizon': 24}. Best is trial 49 with value: 39.17758576660842.
[I 2026-07-03 01:59:20,192] Trial 81 finished with value: 43.457071665531224 and parameters: {'epochs': 24, 'learning_rate': 0.0002802586558954754, 'weight_decay': 0.00048186617144785614, 'past_hidden_size': 64, 'past_cnn_filters': 16, 'past_num_lstm': 1, 'past_dropout': 0.22565508335696471, 'past_num_cnn': 1, 'past_kernel_L0': 7, 'future_hidden_size': 16, 'future_cnn_filters': 128, 'future_num_lstm': 1, 'future_dropout': 0.07612151019569337, 'future_num_cnn': 2, 'future_kernel_L0': 5, 'future_kernel_L1': 5, 'attention_dim': 128, 'decoder_dropout': 0.17665751190542522, 'lookback': 24, 'horizon': 48}. Best is trial 49 with value: 39.17758576660842.
[I 2026-07-03 02:30:58,274] Trial 83 finished with value: 39.609926189975745 and parameters: {'epochs': 26, 'learning_rate': 0.0003366892076809126, 'weight_decay': 0.00020480707179922037, 'past_hidden_size': 64, 'past_cnn_filters': 16, 'past_num_lstm': 1, 'past_dropout': 0.28895970066459736, 'past_num_cnn': 1, 'past_kernel_L0': 7, 'future_hidden_size': 16, 'future_cnn_filters': 16, 'future_num_lstm': 1, 'future_dropout': 0.1031304380540321, 'future_num_cnn': 2, 'future_kernel_L0': 5, 'future_kernel_L1': 5, 'attention_dim': 32, 'decoder_dropout': 0.09337945694790642, 'lookback': 48, 'horizon': 24}. Best is trial 49 with value: 39.17758576660842.
[I 2026-07-03 02:59:46,706] Trial 85 finished with value: 39.96664287278165 and parameters: {'epochs': 26, 'learning_rate': 0.0003370914000985783, 'weight_decay': 0.00018903566409407142, 'past_hidden_size': 64, 'past_cnn_filters': 16, 'past_num_lstm': 1, 'past_dropout': 0.25635523206292354, 'past_num_cnn': 1, 'past_kernel_L0': 7, 'future_hidden_size': 16, 'future_cnn_filters': 16, 'future_num_lstm': 1, 'future_dropout': 0.10514739910728663, 'future_num_cnn': 2, 'future_kernel_L0': 5, 'future_kernel_L1': 5, 'attention_dim': 32, 'decoder_dropout': 0.07796820939735304, 'lookback': 48, 'horizon': 24}. Best is trial 49 with value: 39.17758576660842.
[I 2026-07-03 03:20:50,525] Trial 87 finished with value: 40.06691810127987 and parameters: {'epochs': 26, 'learning_rate': 0.000318731148298581, 'weight_decay': 0.0008556568093722377, 'past_hidden_size': 64, 'past_cnn_filters': 16, 'past_num_lstm': 1, 'past_dropout': 0.2904320124063283, 'past_num_cnn': 1, 'past_kernel_L0': 7, 'future_hidden_size': 16, 'future_cnn_filters': 16, 'future_num_lstm': 1, 'future_dropout': 0.16640436035542627, 'future_num_cnn': 2, 'future_kernel_L0': 5, 'future_kernel_L1': 3, 'attention_dim': 32, 'decoder_dropout': 0.09439053423669999, 'lookback': 48, 'horizon': 24}. Best is trial 86 with value: 39.08438482832821.
[I 2026-07-03 03:45:50,020] Trial 89 finished with value: 41.5705933858037 and parameters: {'epochs': 27, 'learning_rate': 0.00041221755233077653, 'weight_decay': 0.0005352205442152679, 'past_hidden_size': 64, 'past_cnn_filters': 16, 'past_num_lstm': 1, 'past_dropout': 0.24678918774760758, 'past_num_cnn': 1, 'past_kernel_L0': 7, 'future_hidden_size': 16, 'future_cnn_filters': 16, 'future_num_lstm': 1, 'future_dropout': 0.14847485244816136, 'future_num_cnn': 2, 'future_kernel_L0': 5, 'future_kernel_L1': 3, 'attention_dim': 32, 'decoder_dropout': 0.07556277194875398, 'lookback': 48, 'horizon': 24}. Best is trial 86 with value: 39.08438482832821.
[I 2026-07-03 04:13:10,111] Trial 91 finished with value: 40.29320400020146 and parameters: {'epochs': 28, 'learning_rate': 0.00029275331767294544, 'weight_decay': 0.00012322703537133152, 'past_hidden_size': 64, 'past_cnn_filters': 16, 'past_num_lstm': 1, 'past_dropout': 0.2634993422336242, 'past_num_cnn': 1, 'past_kernel_L0': 7, 'future_hidden_size': 16, 'future_cnn_filters': 16, 'future_num_lstm': 1, 'future_dropout': 0.09955877411170888, 'future_num_cnn': 2, 'future_kernel_L0': 3, 'future_kernel_L1': 3, 'attention_dim': 32, 'decoder_dropout': 0.02732322166985479, 'lookback': 48, 'horizon': 24}. Best is trial 86 with value: 39.08438482832821.
[I 2026-07-03 04:34:54,171] Trial 93 finished with value: 40.30596169736054 and parameters: {'epochs': 26, 'learning_rate': 0.0003713928070281321, 'weight_decay': 0.00032378310137676464, 'past_hidden_size': 64, 'past_cnn_filters': 16, 'past_num_lstm': 1, 'past_dropout': 0.3676965074130758, 'past_num_cnn': 1, 'past_kernel_L0': 7, 'future_hidden_size': 16, 'future_cnn_filters': 32, 'future_num_lstm': 1, 'future_dropout': 0.12928966297730474, 'future_num_cnn': 2, 'future_kernel_L0': 5, 'future_kernel_L1': 3, 'attention_dim': 32, 'decoder_dropout': 0.13618632433222017, 'lookback': 48, 'horizon': 24}. Best is trial 86 with value: 39.08438482832821.
[I 2026-07-03 04:59:09,051] Trial 95 finished with value: 40.26716956049703 and parameters: {'epochs': 25, 'learning_rate': 0.00034833407515595975, 'weight_decay': 0.0016317026034725556, 'past_hidden_size': 16, 'past_cnn_filters': 64, 'past_num_lstm': 1, 'past_dropout': 0.18533200469812763, 'past_num_cnn': 1, 'past_kernel_L0': 3, 'future_hidden_size': 16, 'future_cnn_filters': 16, 'future_num_lstm': 1, 'future_dropout': 0.18116478489238014, 'future_num_cnn': 2, 'future_kernel_L0': 5, 'future_kernel_L1': 5, 'attention_dim': 32, 'decoder_dropout': 0.16324300730194624, 'lookback': 72, 'horizon': 24}. Best is trial 86 with value: 39.08438482832821.
[I 2026-07-03 05:27:20,303] Trial 97 finished with value: 39.75002898833587 and parameters: {'epochs': 27, 'learning_rate': 0.00032991680626357975, 'weight_decay': 0.00022509336377275204, 'past_hidden_size': 64, 'past_cnn_filters': 16, 'past_num_lstm': 1, 'past_dropout': 0.22846965639191222, 'past_num_cnn': 1, 'past_kernel_L0': 7, 'future_hidden_size': 16, 'future_cnn_filters': 16, 'future_num_lstm': 1, 'future_dropout': 0.11357274797045865, 'future_num_cnn': 2, 'future_kernel_L0': 5, 'future_kernel_L1': 5, 'attention_dim': 32, 'decoder_dropout': 0.1275694428098116, 'lookback': 24, 'horizon': 24}. Best is trial 86 with value: 39.08438482832821.
[I 2026-07-03 05:54:22,410] Trial 99 finished with value: 40.088565016251884 and parameters: {'epochs': 26, 'learning_rate': 0.0002711904232952093, 'weight_decay': 0.0035924217030846506, 'past_hidden_size': 64, 'past_cnn_filters': 16, 'past_num_lstm': 1, 'past_dropout': 0.20525384463407206, 'past_num_cnn': 1, 'past_kernel_L0': 7, 'future_hidden_size': 32, 'future_cnn_filters': 16, 'future_num_lstm': 1, 'future_dropout': 0.06198311459197673, 'future_num_cnn': 2, 'future_kernel_L0': 5, 'future_kernel_L1': 3, 'attention_dim': 128, 'decoder_dropout': 0.06643349619561648, 'lookback': 24, 'horizon': 24}. Best is trial 86 with value: 39.08438482832821.
[I 2026-07-03 06:15:01,201] Trial 101 finished with value: 40.66774668389642 and parameters: {'epochs': 23, 'learning_rate': 0.00024629108213258333, 'weight_decay': 0.0009139882616806498, 'past_hidden_size': 64, 'past_cnn_filters': 16, 'past_num_lstm': 1, 'past_dropout': 0.30609764934479944, 'past_num_cnn': 1, 'past_kernel_L0': 7, 'future_hidden_size': 16, 'future_cnn_filters': 16, 'future_num_lstm': 1, 'future_dropout': 0.08382196361653063, 'future_num_cnn': 2, 'future_kernel_L0': 5, 'future_kernel_L1': 3, 'attention_dim': 128, 'decoder_dropout': 0.04033370997391222, 'lookback': 24, 'horizon': 24}. Best is trial 86 with value: 39.08438482832821.
[I 2026-07-03 06:46:02,463] Trial 103 finished with value: 39.682612211666495 and parameters: {'epochs': 25, 'learning_rate': 0.00030259629067093917, 'weight_decay': 0.002113378794727491, 'past_hidden_size': 64, 'past_cnn_filters': 16, 'past_num_lstm': 1, 'past_dropout': 0.2808271116307166, 'past_num_cnn': 1, 'past_kernel_L0': 7, 'future_hidden_size': 16, 'future_cnn_filters': 16, 'future_num_lstm': 1, 'future_dropout': 0.09625713561216759, 'future_num_cnn': 2, 'future_kernel_L0': 5, 'future_kernel_L1': 3, 'attention_dim': 128, 'decoder_dropout': 0.036525524198469675, 'lookback': 24, 'horizon': 24}. Best is trial 86 with value: 39.08438482832821.
[I 2026-07-03 07:04:01,419] Trial 105 finished with value: 41.174002549453476 and parameters: {'epochs': 28, 'learning_rate': 0.0003922512914867491, 'weight_decay': 0.006170770419717782, 'past_hidden_size': 64, 'past_cnn_filters': 16, 'past_num_lstm': 1, 'past_dropout': 0.30630067351635054, 'past_num_cnn': 1, 'past_kernel_L0': 7, 'future_hidden_size': 128, 'future_cnn_filters': 16, 'future_num_lstm': 1, 'future_dropout': 0.03881431728549628, 'future_num_cnn': 2, 'future_kernel_L0': 7, 'future_kernel_L1': 3, 'attention_dim': 128, 'decoder_dropout': 0.05597194273873394, 'lookback': 48, 'horizon': 48}. Best is trial 86 with value: 39.08438482832821.
[I 2026-07-03 07:19:33,047] Trial 107 finished with value: 40.385442723447674 and parameters: {'epochs': 25, 'learning_rate': 0.00030348016192888747, 'weight_decay': 0.003965513070546111, 'past_hidden_size': 64, 'past_cnn_filters': 16, 'past_num_lstm': 1, 'past_dropout': 0.28599872847837843, 'past_num_cnn': 1, 'past_kernel_L0': 7, 'future_hidden_size': 16, 'future_cnn_filters': 16, 'future_num_lstm': 1, 'future_dropout': 0.0964552711151859, 'future_num_cnn': 2, 'future_kernel_L0': 5, 'future_kernel_L1': 3, 'attention_dim': 128, 'decoder_dropout': 0.009316700560945655, 'lookback': 24, 'horizon': 24}. Best is trial 86 with value: 39.08438482832821.
[I 2026-07-03 07:52:59,352] Trial 108 finished with value: 39.450482419541004 and parameters: {'epochs': 26, 'learning_rate': 0.00032819504468577037, 'weight_decay': 0.0024781304078903684, 'past_hidden_size': 64, 'past_cnn_filters': 16, 'past_num_lstm': 1, 'past_dropout': 0.3888112452147926, 'past_num_cnn': 1, 'past_kernel_L0': 7, 'future_hidden_size': 16, 'future_cnn_filters': 16, 'future_num_lstm': 1, 'future_dropout': 0.06128069852080509, 'future_num_cnn': 2, 'future_kernel_L0': 5, 'future_kernel_L1': 3, 'attention_dim': 128, 'decoder_dropout': 0.0020042390132175014, 'lookback': 24, 'horizon': 24}. Best is trial 86 with value: 39.08438482832821.
[I 2026-07-03 08:13:49,462] Trial 111 finished with value: 42.21914172661087 and parameters: {'epochs': 26, 'learning_rate': 0.0002668949547148071, 'weight_decay': 0.0006161531803474157, 'past_hidden_size': 64, 'past_cnn_filters': 128, 'past_num_lstm': 1, 'past_dropout': 0.41718271482266717, 'past_num_cnn': 1, 'past_kernel_L0': 7, 'future_hidden_size': 16, 'future_cnn_filters': 16, 'future_num_lstm': 1, 'future_dropout': 0.3514055214355905, 'future_num_cnn': 2, 'future_kernel_L0': 5, 'future_kernel_L1': 3, 'attention_dim': 128, 'decoder_dropout': 0.0828969201202713, 'lookback': 24, 'horizon': 24}. Best is trial 86 with value: 39.08438482832821.
[I 2026-07-03 08:48:38,246] Trial 113 finished with value: 39.0559954637302 and parameters: {'epochs': 27, 'learning_rate': 0.00037434511745989413, 'weight_decay': 0.0013097854669929087, 'past_hidden_size': 16, 'past_cnn_filters': 16, 'past_num_lstm': 1, 'past_dropout': 0.3801000997139935, 'past_num_cnn': 1, 'past_kernel_L0': 7, 'future_hidden_size': 16, 'future_cnn_filters': 16, 'future_num_lstm': 1, 'future_dropout': 0.053684459727651505, 'future_num_cnn': 2, 'future_kernel_L0': 5, 'future_kernel_L1': 3, 'attention_dim': 128, 'decoder_dropout': 0.022855803746118994, 'lookback': 24, 'horizon': 24}. Best is trial 113 with value: 39.0559954637302.
[I 2026-07-03 09:18:09,308] Trial 116 finished with value: 38.85568063805319 and parameters: {'epochs': 26, 'learning_rate': 0.00033654664941299973, 'weight_decay': 0.0009896534136561682, 'past_hidden_size': 16, 'past_cnn_filters': 16, 'past_num_lstm': 1, 'past_dropout': 0.39701679103745674, 'past_num_cnn': 1, 'past_kernel_L0': 7, 'future_hidden_size': 16, 'future_cnn_filters': 16, 'future_num_lstm': 1, 'future_dropout': 0.1210351878277303, 'future_num_cnn': 2, 'future_kernel_L0': 5, 'future_kernel_L1': 3, 'attention_dim': 128, 'decoder_dropout': 0.02018227186940557, 'lookback': 24, 'horizon': 24}. Best is trial 116 with value: 38.85568063805319.
[I 2026-07-03 09:38:39,805] Trial 118 finished with value: 39.8394334299551 and parameters: {'epochs': 28, 'learning_rate': 0.00033524719130255913, 'weight_decay': 0.001419997690461952, 'past_hidden_size': 16, 'past_cnn_filters': 16, 'past_num_lstm': 1, 'past_dropout': 0.35092494163945176, 'past_num_cnn': 1, 'past_kernel_L0': 7, 'future_hidden_size': 16, 'future_cnn_filters': 16, 'future_num_lstm': 1, 'future_dropout': 0.035061743091059375, 'future_num_cnn': 2, 'future_kernel_L0': 5, 'future_kernel_L1': 3, 'attention_dim': 128, 'decoder_dropout': 0.01785713332854072, 'lookback': 24, 'horizon': 24}. Best is trial 116 with value: 38.85568063805319.
[I 2026-07-03 09:57:54,233] Trial 120 finished with value: 39.992123170550606 and parameters: {'epochs': 27, 'learning_rate': 0.0004012337879685672, 'weight_decay': 0.0009666598202680567, 'past_hidden_size': 16, 'past_cnn_filters': 16, 'past_num_lstm': 1, 'past_dropout': 0.3999874182391865, 'past_num_cnn': 1, 'past_kernel_L0': 7, 'future_hidden_size': 16, 'future_cnn_filters': 32, 'future_num_lstm': 1, 'future_dropout': 0.008542701673961484, 'future_num_cnn': 2, 'future_kernel_L0': 5, 'future_kernel_L1': 3, 'attention_dim': 128, 'decoder_dropout': 0.004895144354385719, 'lookback': 24, 'horizon': 24}. Best is trial 116 with value: 38.85568063805319.
[I 2026-07-03 10:33:32,779] Trial 123 finished with value: 39.63984322317457 and parameters: {'epochs': 28, 'learning_rate': 0.00025552394402168045, 'weight_decay': 0.0007781024204309222, 'past_hidden_size': 16, 'past_cnn_filters': 16, 'past_num_lstm': 1, 'past_dropout': 0.3731444597372119, 'past_num_cnn': 1, 'past_kernel_L0': 7, 'future_hidden_size': 16, 'future_cnn_filters': 16, 'future_num_lstm': 1, 'future_dropout': 0.06751632885695735, 'future_num_cnn': 2, 'future_kernel_L0': 5, 'future_kernel_L1': 3, 'attention_dim': 128, 'decoder_dropout': 0.01675503187840039, 'lookback': 24, 'horizon': 24}. Best is trial 116 with value: 38.85568063805319.
[I 2026-07-03 10:55:16,662] Trial 125 finished with value: 40.19523328044258 and parameters: {'epochs': 30, 'learning_rate': 0.0005018807872032671, 'weight_decay': 0.0013240538461295247, 'past_hidden_size': 16, 'past_cnn_filters': 16, 'past_num_lstm': 2, 'past_dropout': 0.361572037813226, 'past_num_cnn': 1, 'past_kernel_L0': 7, 'future_hidden_size': 16, 'future_cnn_filters': 32, 'future_num_lstm': 1, 'future_dropout': 0.05835770812057361, 'future_num_cnn': 2, 'future_kernel_L0': 5, 'future_kernel_L1': 3, 'attention_dim': 128, 'decoder_dropout': 0.00018636035315967078, 'lookback': 24, 'horizon': 24}. Best is trial 116 with value: 38.85568063805319.
[I 2026-07-03 11:20:46,660] Trial 127 finished with value: 39.51255092201194 and parameters: {'epochs': 28, 'learning_rate': 0.00037843132973440475, 'weight_decay': 0.0011474409317729325, 'past_hidden_size': 16, 'past_cnn_filters': 16, 'past_num_lstm': 1, 'past_dropout': 0.41108918341535483, 'past_num_cnn': 1, 'past_kernel_L0': 7, 'future_hidden_size': 16, 'future_cnn_filters': 32, 'future_num_lstm': 1, 'future_dropout': 0.04198264943008071, 'future_num_cnn': 2, 'future_kernel_L0': 5, 'future_kernel_L1': 3, 'attention_dim': 128, 'decoder_dropout': 0.03380169065875535, 'lookback': 24, 'horizon': 24}. Best is trial 116 with value: 38.85568063805319.
[I 2026-07-03 11:45:19,625] Trial 130 finished with value: 39.877360385438 and parameters: {'epochs': 28, 'learning_rate': 0.00041552669052446036, 'weight_decay': 0.001111484372574589, 'past_hidden_size': 16, 'past_cnn_filters': 16, 'past_num_lstm': 1, 'past_dropout': 0.39249256903833535, 'past_num_cnn': 1, 'past_kernel_L0': 7, 'future_hidden_size': 16, 'future_cnn_filters': 32, 'future_num_lstm': 1, 'future_dropout': 0.034106245006941316, 'future_num_cnn': 2, 'future_kernel_L0': 5, 'future_kernel_L1': 3, 'attention_dim': 128, 'decoder_dropout': 0.02395689307819506, 'lookback': 24, 'horizon': 24}. Best is trial 116 with value: 38.85568063805319.
[I 2026-07-03 12:04:09,132] Trial 132 finished with value: 40.44488923314902 and parameters: {'epochs': 29, 'learning_rate': 0.00043528407938307707, 'weight_decay': 0.0006163917900986551, 'past_hidden_size': 16, 'past_cnn_filters': 16, 'past_num_lstm': 1, 'past_dropout': 0.3967239378494116, 'past_num_cnn': 1, 'past_kernel_L0': 7, 'future_hidden_size': 16, 'future_cnn_filters': 32, 'future_num_lstm': 1, 'future_dropout': 0.053122558034225095, 'future_num_cnn': 2, 'future_kernel_L0': 3, 'future_kernel_L1': 3, 'attention_dim': 128, 'decoder_dropout': 0.0445560172631251, 'lookback': 24, 'horizon': 24}. Best is trial 116 with value: 38.85568063805319.
[I 2026-07-03 12:25:08,720] Trial 134 finished with value: 38.866147910799405 and parameters: {'epochs': 29, 'learning_rate': 0.0005656130673011773, 'weight_decay': 0.0013620684552072466, 'past_hidden_size': 16, 'past_cnn_filters': 16, 'past_num_lstm': 1, 'past_dropout': 0.34476224575018255, 'past_num_cnn': 1, 'past_kernel_L0': 3, 'future_hidden_size': 32, 'future_cnn_filters': 32, 'future_num_lstm': 1, 'future_dropout': 0.08098852841056803, 'future_num_cnn': 2, 'future_kernel_L0': 5, 'future_kernel_L1': 3, 'attention_dim': 128, 'decoder_dropout': 0.06758360284581358, 'lookback': 24, 'horizon': 24}. Best is trial 116 with value: 38.85568063805319.
[I 2026-07-03 12:40:37,388] Trial 136 finished with value: 40.376822822964606 and parameters: {'epochs': 27, 'learning_rate': 0.0003621804832834041, 'weight_decay': 0.0019015167931077824, 'past_hidden_size': 16, 'past_cnn_filters': 16, 'past_num_lstm': 1, 'past_dropout': 0.34382372095797503, 'past_num_cnn': 1, 'past_kernel_L0': 3, 'future_hidden_size': 32, 'future_cnn_filters': 32, 'future_num_lstm': 1, 'future_dropout': 0.08081046929885882, 'future_num_cnn': 2, 'future_kernel_L0': 5, 'future_kernel_L1': 3, 'attention_dim': 128, 'decoder_dropout': 0.06279679146027678, 'lookback': 24, 'horizon': 24}. Best is trial 116 with value: 38.85568063805319.
[I 2026-07-03 12:56:45,027] Trial 137 finished with value: 39.516575889352026 and parameters: {'epochs': 29, 'learning_rate': 0.0005889375126112553, 'weight_decay': 0.0015133189785707399, 'past_hidden_size': 16, 'past_cnn_filters': 16, 'past_num_lstm': 1, 'past_dropout': 0.37756322990368524, 'past_num_cnn': 1, 'past_kernel_L0': 3, 'future_hidden_size': 32, 'future_cnn_filters': 32, 'future_num_lstm': 1, 'future_dropout': 0.0701847724142208, 'future_num_cnn': 2, 'future_kernel_L0': 5, 'future_kernel_L1': 3, 'attention_dim': 128, 'decoder_dropout': 0.013095906834757006, 'lookback': 24, 'horizon': 24}. Best is trial 116 with value: 38.85568063805319.
